[07/Nov/2018:09:14:36 +0800] 0:0:0:0:0:0:0:1 "GET /test2 HTTP/1.1" 500 - (1013 ms)
[07/Nov/2018:09:26:13 +0800] 0:0:0:0:0:0:0:1 "GET /test1 HTTP/1.1" 200 - (213 ms)
[07/Nov/2018:09:35:29 +0800] 0:0:0:0:0:0:0:1 "GET /test1 HTTP/1.1" 200 - (334 ms)
[07/Nov/2018:09:35:58 +0800] 0:0:0:0:0:0:0:1 "GET /test1 HTTP/1.1" 200 - (18 ms)
[07/Nov/2018:09:35:58 +0800] 0:0:0:0:0:0:0:1 "GET /favicon.ico HTTP/1.1" 200 - (47 ms)
[07/Nov/2018:09:38:02 +0800] 0:0:0:0:0:0:0:1 "GET /test1 HTTP/1.1" 200 - (211 ms)
[07/Nov/2018:09:38:02 +0800] 0:0:0:0:0:0:0:1 "GET /favicon.ico HTTP/1.1" 200 - (35 ms)
[07/Nov/2018:09:38:03 +0800] 0:0:0:0:0:0:0:1 "GET /test1 HTTP/1.1" 200 - (13 ms)
[07/Nov/2018:09:38:03 +0800] 0:0:0:0:0:0:0:1 "GET /favicon.ico HTTP/1.1" 200 - (7 ms)
[07/Nov/2018:09:38:04 +0800] 0:0:0:0:0:0:0:1 "GET /test1 HTTP/1.1" 200 - (7 ms)
[07/Nov/2018:09:38:04 +0800] 0:0:0:0:0:0:0:1 "GET /favicon.ico HTTP/1.1" 200 - (11 ms)
[07/Nov/2018:09:38:04 +0800] 0:0:0:0:0:0:0:1 "GET /test1 HTTP/1.1" 200 - (5 ms)
[07/Nov/2018:09:38:04 +0800] 0:0:0:0:0:0:0:1 "GET /favicon.ico HTTP/1.1" 200 - (17 ms)
[07/Nov/2018:09:38:04 +0800] 0:0:0:0:0:0:0:1 "GET /test1 HTTP/1.1" 200 - (8 ms)
[07/Nov/2018:09:38:04 +0800] 0:0:0:0:0:0:0:1 "GET /favicon.ico HTTP/1.1" 200 - (9 ms)
[07/Nov/2018:09:38:04 +0800] 0:0:0:0:0:0:0:1 "GET /test1 HTTP/1.1" 200 - (7 ms)
[07/Nov/2018:09:38:04 +0800] 0:0:0:0:0:0:0:1 "GET /favicon.ico HTTP/1.1" 200 - (15 ms)
[07/Nov/2018:09:38:04 +0800] 0:0:0:0:0:0:0:1 "GET /test1 HTTP/1.1" 200 - (5 ms)
[07/Nov/2018:09:38:04 +0800] 0:0:0:0:0:0:0:1 "GET /favicon.ico HTTP/1.1" 200 - (11 ms)
[07/Nov/2018:09:38:04 +0800] 0:0:0:0:0:0:0:1 "GET /test1 HTTP/1.1" 200 - (9 ms)
[07/Nov/2018:09:38:05 +0800] 0:0:0:0:0:0:0:1 "GET /favicon.ico HTTP/1.1" 200 - (14 ms)
[07/Nov/2018:09:38:46 +0800] 0:0:0:0:0:0:0:1 "GET /test1 HTTP/1.1" 200 - (270 ms)
[07/Nov/2018:09:38:46 +0800] 0:0:0:0:0:0:0:1 "GET /favicon.ico HTTP/1.1" 200 - (54 ms)
[07/Nov/2018:09:39:39 +0800] 0:0:0:0:0:0:0:1 "GET /test1 HTTP/1.1" 200 - (212 ms)
[07/Nov/2018:09:39:39 +0800] 0:0:0:0:0:0:0:1 "GET /favicon.ico HTTP/1.1" 200 - (37 ms)
[07/Nov/2018:09:39:42 +0800] 0:0:0:0:0:0:0:1 "GET /test1 HTTP/1.1" 200 - (8 ms)
[07/Nov/2018:09:39:42 +0800] 0:0:0:0:0:0:0:1 "GET /favicon.ico HTTP/1.1" 200 - (9 ms)
[07/Nov/2018:09:39:42 +0800] 0:0:0:0:0:0:0:1 "GET /test1 HTTP/1.1" 200 - (16 ms)
[07/Nov/2018:09:39:42 +0800] 0:0:0:0:0:0:0:1 "GET /favicon.ico HTTP/1.1" 200 - (13 ms)
[07/Nov/2018:09:39:44 +0800] 0:0:0:0:0:0:0:1 "GET /test1 HTTP/1.1" 200 - (12 ms)
[07/Nov/2018:09:39:44 +0800] 0:0:0:0:0:0:0:1 "GET /favicon.ico HTTP/1.1" 200 - (5 ms)
[07/Nov/2018:09:39:45 +0800] 0:0:0:0:0:0:0:1 "GET /test1 HTTP/1.1" 200 - (8 ms)
[07/Nov/2018:09:39:45 +0800] 0:0:0:0:0:0:0:1 "GET /favicon.ico HTTP/1.1" 200 - (11 ms)
[07/Nov/2018:09:39:46 +0800] 0:0:0:0:0:0:0:1 "GET /test1 HTTP/1.1" 200 - (7 ms)
[07/Nov/2018:09:39:46 +0800] 0:0:0:0:0:0:0:1 "GET /favicon.ico HTTP/1.1" 200 - (7 ms)
[07/Nov/2018:09:39:46 +0800] 0:0:0:0:0:0:0:1 "GET /test1 HTTP/1.1" 200 - (6 ms)
[07/Nov/2018:09:39:46 +0800] 0:0:0:0:0:0:0:1 "GET /favicon.ico HTTP/1.1" 200 - (8 ms)
[07/Nov/2018:09:39:46 +0800] 0:0:0:0:0:0:0:1 "GET /test1 HTTP/1.1" 200 - (11 ms)
[07/Nov/2018:09:39:46 +0800] 0:0:0:0:0:0:0:1 "GET /favicon.ico HTTP/1.1" 200 - (9 ms)
[07/Nov/2018:09:39:47 +0800] 0:0:0:0:0:0:0:1 "GET /test1 HTTP/1.1" 200 - (5 ms)
[07/Nov/2018:09:39:47 +0800] 0:0:0:0:0:0:0:1 "GET /favicon.ico HTTP/1.1" 200 - (11 ms)
[07/Nov/2018:09:39:47 +0800] 0:0:0:0:0:0:0:1 "GET /test1 HTTP/1.1" 200 - (7 ms)
[07/Nov/2018:09:39:47 +0800] 0:0:0:0:0:0:0:1 "GET /favicon.ico HTTP/1.1" 200 - (7 ms)
[07/Nov/2018:09:39:47 +0800] 0:0:0:0:0:0:0:1 "GET /test1 HTTP/1.1" 200 - (4 ms)
[07/Nov/2018:09:39:47 +0800] 0:0:0:0:0:0:0:1 "GET /favicon.ico HTTP/1.1" 200 - (10 ms)
[07/Nov/2018:09:39:47 +0800] 0:0:0:0:0:0:0:1 "GET /test1 HTTP/1.1" 200 - (6 ms)
[07/Nov/2018:09:39:48 +0800] 0:0:0:0:0:0:0:1 "GET /favicon.ico HTTP/1.1" 200 - (8 ms)
[07/Nov/2018:09:39:48 +0800] 0:0:0:0:0:0:0:1 "GET /test1 HTTP/1.1" 200 - (5 ms)
[07/Nov/2018:09:39:48 +0800] 0:0:0:0:0:0:0:1 "GET /favicon.ico HTTP/1.1" 200 - (7 ms)
[07/Nov/2018:09:39:48 +0800] 0:0:0:0:0:0:0:1 "GET /test1 HTTP/1.1" 200 - (8 ms)
[07/Nov/2018:09:39:48 +0800] 0:0:0:0:0:0:0:1 "GET /favicon.ico HTTP/1.1" 200 - (4 ms)
[07/Nov/2018:09:40:05 +0800] 0:0:0:0:0:0:0:1 "GET /test1 HTTP/1.1" 200 - (7 ms)
[07/Nov/2018:09:40:05 +0800] 0:0:0:0:0:0:0:1 "GET /favicon.ico HTTP/1.1" 200 - (13 ms)
[07/Nov/2018:09:40:05 +0800] 0:0:0:0:0:0:0:1 "GET /test1 HTTP/1.1" 200 - (5 ms)
[07/Nov/2018:09:40:05 +0800] 0:0:0:0:0:0:0:1 "GET /favicon.ico HTTP/1.1" 200 - (7 ms)
[07/Nov/2018:09:40:05 +0800] 0:0:0:0:0:0:0:1 "GET /test1 HTTP/1.1" 200 - (4 ms)
[07/Nov/2018:09:40:05 +0800] 0:0:0:0:0:0:0:1 "GET /favicon.ico HTTP/1.1" 200 - (13 ms)
[07/Nov/2018:09:40:05 +0800] 0:0:0:0:0:0:0:1 "GET /test1 HTTP/1.1" 200 - (4 ms)
[07/Nov/2018:09:40:06 +0800] 0:0:0:0:0:0:0:1 "GET /favicon.ico HTTP/1.1" 200 - (13 ms)
[07/Nov/2018:09:40:06 +0800] 0:0:0:0:0:0:0:1 "GET /test1 HTTP/1.1" 200 - (7 ms)
[07/Nov/2018:09:40:06 +0800] 0:0:0:0:0:0:0:1 "GET /favicon.ico HTTP/1.1" 200 - (5 ms)
[07/Nov/2018:09:40:06 +0800] 0:0:0:0:0:0:0:1 "GET /test1 HTTP/1.1" 200 - (6 ms)
[07/Nov/2018:09:40:06 +0800] 0:0:0:0:0:0:0:1 "GET /favicon.ico HTTP/1.1" 200 - (4 ms)
[07/Nov/2018:09:40:06 +0800] 0:0:0:0:0:0:0:1 "GET /test1 HTTP/1.1" 200 - (6 ms)
[07/Nov/2018:09:40:06 +0800] 0:0:0:0:0:0:0:1 "GET /favicon.ico HTTP/1.1" 200 - (5 ms)
[07/Nov/2018:09:40:06 +0800] 0:0:0:0:0:0:0:1 "GET /test1 HTTP/1.1" 200 - (5 ms)
[07/Nov/2018:09:40:06 +0800] 0:0:0:0:0:0:0:1 "GET /favicon.ico HTTP/1.1" 200 - (5 ms)
[07/Nov/2018:09:42:55 +0800] 0:0:0:0:0:0:0:1 "GET /test1 HTTP/1.1" 200 - (11 ms)
[07/Nov/2018:09:42:55 +0800] 0:0:0:0:0:0:0:1 "GET /favicon.ico HTTP/1.1" 200 - (18 ms)
[07/Nov/2018:09:42:55 +0800] 0:0:0:0:0:0:0:1 "GET /test1 HTTP/1.1" 200 - (5 ms)
[07/Nov/2018:09:42:55 +0800] 0:0:0:0:0:0:0:1 "GET /favicon.ico HTTP/1.1" 200 - (5 ms)
[07/Nov/2018:09:42:55 +0800] 0:0:0:0:0:0:0:1 "GET /test1 HTTP/1.1" 200 - (4 ms)
[07/Nov/2018:09:42:55 +0800] 0:0:0:0:0:0:0:1 "GET /favicon.ico HTTP/1.1" 200 - (10 ms)
[07/Nov/2018:09:42:56 +0800] 0:0:0:0:0:0:0:1 "GET /test1 HTTP/1.1" 200 - (6 ms)
[07/Nov/2018:09:42:56 +0800] 0:0:0:0:0:0:0:1 "GET /favicon.ico HTTP/1.1" 200 - (6 ms)
[07/Nov/2018:09:42:56 +0800] 0:0:0:0:0:0:0:1 "GET /test1 HTTP/1.1" 200 - (4 ms)
[07/Nov/2018:09:42:56 +0800] 0:0:0:0:0:0:0:1 "GET /favicon.ico HTTP/1.1" 200 - (11 ms)
[07/Nov/2018:09:42:56 +0800] 0:0:0:0:0:0:0:1 "GET /test1 HTTP/1.1" 200 - (5 ms)
[07/Nov/2018:09:42:56 +0800] 0:0:0:0:0:0:0:1 "GET /favicon.ico HTTP/1.1" 200 - (6 ms)
[07/Nov/2018:09:42:56 +0800] 0:0:0:0:0:0:0:1 "GET /test1 HTTP/1.1" 200 - (4 ms)
[07/Nov/2018:09:42:56 +0800] 0:0:0:0:0:0:0:1 "GET /favicon.ico HTTP/1.1" 200 - (6 ms)
[07/Nov/2018:09:42:57 +0800] 0:0:0:0:0:0:0:1 "GET /test1 HTTP/1.1" 200 - (5 ms)
[07/Nov/2018:09:42:57 +0800] 0:0:0:0:0:0:0:1 "GET /favicon.ico HTTP/1.1" 200 - (5 ms)
[07/Nov/2018:09:42:57 +0800] 0:0:0:0:0:0:0:1 "GET /test1 HTTP/1.1" 200 - (4 ms)
[07/Nov/2018:09:42:57 +0800] 0:0:0:0:0:0:0:1 "GET /favicon.ico HTTP/1.1" 200 - (4 ms)
[07/Nov/2018:09:42:57 +0800] 0:0:0:0:0:0:0:1 "GET /test1 HTTP/1.1" 200 - (4 ms)
[07/Nov/2018:09:42:57 +0800] 0:0:0:0:0:0:0:1 "GET /favicon.ico HTTP/1.1" 200 - (12 ms)
[07/Nov/2018:09:42:57 +0800] 0:0:0:0:0:0:0:1 "GET /test1 HTTP/1.1" 200 - (4 ms)
[07/Nov/2018:09:42:57 +0800] 0:0:0:0:0:0:0:1 "GET /favicon.ico HTTP/1.1" 200 - (7 ms)
[07/Nov/2018:09:42:57 +0800] 0:0:0:0:0:0:0:1 "GET /test1 HTTP/1.1" 200 - (3 ms)
[07/Nov/2018:09:42:57 +0800] 0:0:0:0:0:0:0:1 "GET /favicon.ico HTTP/1.1" 200 - (4 ms)
[07/Nov/2018:09:42:58 +0800] 0:0:0:0:0:0:0:1 "GET /test1 HTTP/1.1" 200 - (3 ms)
[07/Nov/2018:09:42:58 +0800] 0:0:0:0:0:0:0:1 "GET /favicon.ico HTTP/1.1" 200 - (4 ms)
[07/Nov/2018:09:42:58 +0800] 0:0:0:0:0:0:0:1 "GET /test1 HTTP/1.1" 200 - (3 ms)
[07/Nov/2018:09:42:58 +0800] 0:0:0:0:0:0:0:1 "GET /favicon.ico HTTP/1.1" 200 - (8 ms)
[07/Nov/2018:09:42:59 +0800] 0:0:0:0:0:0:0:1 "GET /test1 HTTP/1.1" 200 - (5 ms)
[07/Nov/2018:09:42:59 +0800] 0:0:0:0:0:0:0:1 "GET /favicon.ico HTTP/1.1" 200 - (7 ms)
[07/Nov/2018:09:45:42 +0800] 0:0:0:0:0:0:0:1 "GET /test1 HTTP/1.1" 200 - (6 ms)
[07/Nov/2018:09:45:42 +0800] 0:0:0:0:0:0:0:1 "GET /favicon.ico HTTP/1.1" 200 - (12 ms)
[07/Nov/2018:09:45:43 +0800] 0:0:0:0:0:0:0:1 "GET /test1 HTTP/1.1" 200 - (6 ms)
[07/Nov/2018:09:45:43 +0800] 0:0:0:0:0:0:0:1 "GET /favicon.ico HTTP/1.1" 200 - (5 ms)
[07/Nov/2018:09:45:43 +0800] 0:0:0:0:0:0:0:1 "GET /test1 HTTP/1.1" 200 - (3 ms)
[07/Nov/2018:09:45:43 +0800] 0:0:0:0:0:0:0:1 "GET /favicon.ico HTTP/1.1" 200 - (6 ms)
[07/Nov/2018:09:45:43 +0800] 0:0:0:0:0:0:0:1 "GET /test1 HTTP/1.1" 200 - (5 ms)
[07/Nov/2018:09:45:43 +0800] 0:0:0:0:0:0:0:1 "GET /favicon.ico HTTP/1.1" 200 - (14 ms)
[07/Nov/2018:09:45:44 +0800] 0:0:0:0:0:0:0:1 "GET /test1 HTTP/1.1" 200 - (6 ms)
[07/Nov/2018:09:45:44 +0800] 0:0:0:0:0:0:0:1 "GET /favicon.ico HTTP/1.1" 200 - (8 ms)
[07/Nov/2018:09:45:44 +0800] 0:0:0:0:0:0:0:1 "GET /test1 HTTP/1.1" 200 - (8 ms)
[07/Nov/2018:09:45:44 +0800] 0:0:0:0:0:0:0:1 "GET /favicon.ico HTTP/1.1" 200 - (11 ms)
[07/Nov/2018:09:46:46 +0800] 0:0:0:0:0:0:0:1 "GET /test1 HTTP/1.1" 200 - (10 ms)
[07/Nov/2018:09:46:46 +0800] 0:0:0:0:0:0:0:1 "GET /favicon.ico HTTP/1.1" 200 - (8 ms)
[07/Nov/2018:09:46:46 +0800] 0:0:0:0:0:0:0:1 "GET /test1 HTTP/1.1" 200 - (5 ms)
[07/Nov/2018:09:46:46 +0800] 0:0:0:0:0:0:0:1 "GET /favicon.ico HTTP/1.1" 200 - (6 ms)
[07/Nov/2018:09:52:46 +0800] 0:0:0:0:0:0:0:1 "GET /test1 HTTP/1.1" 200 - (5 ms)
[07/Nov/2018:09:52:46 +0800] 0:0:0:0:0:0:0:1 "GET /favicon.ico HTTP/1.1" 200 - (5 ms)
[07/Nov/2018:09:52:47 +0800] 0:0:0:0:0:0:0:1 "GET /test1 HTTP/1.1" 200 - (5 ms)
[07/Nov/2018:09:52:47 +0800] 0:0:0:0:0:0:0:1 "GET /favicon.ico HTTP/1.1" 200 - (4 ms)
[07/Nov/2018:09:52:47 +0800] 0:0:0:0:0:0:0:1 "GET /test1 HTTP/1.1" 200 - (5 ms)
[07/Nov/2018:09:52:47 +0800] 0:0:0:0:0:0:0:1 "GET /favicon.ico HTTP/1.1" 200 - (9 ms)
[07/Nov/2018:09:53:50 +0800] 0:0:0:0:0:0:0:1 "GET /test1 HTTP/1.1" 200 - (6 ms)
[07/Nov/2018:09:53:50 +0800] 0:0:0:0:0:0:0:1 "GET /favicon.ico HTTP/1.1" 200 - (6 ms)
[07/Nov/2018:09:53:51 +0800] 0:0:0:0:0:0:0:1 "GET /test1 HTTP/1.1" 200 - (3 ms)
[07/Nov/2018:09:53:51 +0800] 0:0:0:0:0:0:0:1 "GET /favicon.ico HTTP/1.1" 200 - (8 ms)
[07/Nov/2018:09:53:51 +0800] 0:0:0:0:0:0:0:1 "GET /test1 HTTP/1.1" 200 - (4 ms)
[07/Nov/2018:09:53:51 +0800] 0:0:0:0:0:0:0:1 "GET /favicon.ico HTTP/1.1" 200 - (5 ms)
[07/Nov/2018:09:56:29 +0800] 0:0:0:0:0:0:0:1 "GET /test1 HTTP/1.1" 200 - (7 ms)
[07/Nov/2018:09:56:29 +0800] 0:0:0:0:0:0:0:1 "GET /favicon.ico HTTP/1.1" 200 - (7 ms)
[07/Nov/2018:09:56:29 +0800] 0:0:0:0:0:0:0:1 "GET /test1 HTTP/1.1" 200 - (3 ms)
[07/Nov/2018:09:56:29 +0800] 0:0:0:0:0:0:0:1 "GET /favicon.ico HTTP/1.1" 200 - (10 ms)
[07/Nov/2018:09:56:29 +0800] 0:0:0:0:0:0:0:1 "GET /test1 HTTP/1.1" 200 - (5 ms)
[07/Nov/2018:09:56:29 +0800] 0:0:0:0:0:0:0:1 "GET /favicon.ico HTTP/1.1" 200 - (4 ms)
[07/Nov/2018:09:56:29 +0800] 0:0:0:0:0:0:0:1 "GET /test1 HTTP/1.1" 200 - (9 ms)
[07/Nov/2018:09:56:30 +0800] 0:0:0:0:0:0:0:1 "GET /favicon.ico HTTP/1.1" 200 - (9 ms)
[07/Nov/2018:10:26:06 +0800] 0:0:0:0:0:0:0:1 "GET /test1 HTTP/1.1" 200 - (5 ms)
[07/Nov/2018:10:26:06 +0800] 0:0:0:0:0:0:0:1 "GET /favicon.ico HTTP/1.1" 200 - (5 ms)
[07/Nov/2018:10:26:07 +0800] 0:0:0:0:0:0:0:1 "GET /test1 HTTP/1.1" 200 - (3 ms)
[07/Nov/2018:10:26:07 +0800] 0:0:0:0:0:0:0:1 "GET /favicon.ico HTTP/1.1" 200 - (6 ms)
[07/Nov/2018:10:26:08 +0800] 0:0:0:0:0:0:0:1 "GET /test1 HTTP/1.1" 200 - (3 ms)
[07/Nov/2018:10:26:08 +0800] 0:0:0:0:0:0:0:1 "GET /favicon.ico HTTP/1.1" 200 - (8 ms)
[07/Nov/2018:10:26:08 +0800] 0:0:0:0:0:0:0:1 "GET /test1 HTTP/1.1" 200 - (3 ms)
[07/Nov/2018:10:26:08 +0800] 0:0:0:0:0:0:0:1 "GET /favicon.ico HTTP/1.1" 200 - (7 ms)
[07/Nov/2018:10:26:08 +0800] 0:0:0:0:0:0:0:1 "GET /test1 HTTP/1.1" 200 - (3 ms)
[07/Nov/2018:10:26:08 +0800] 0:0:0:0:0:0:0:1 "GET /favicon.ico HTTP/1.1" 200 - (6 ms)
[07/Nov/2018:10:26:09 +0800] 0:0:0:0:0:0:0:1 "GET /test1 HTTP/1.1" 200 - (3 ms)
[07/Nov/2018:10:26:09 +0800] 0:0:0:0:0:0:0:1 "GET /favicon.ico HTTP/1.1" 200 - (5 ms)
[07/Nov/2018:10:26:09 +0800] 0:0:0:0:0:0:0:1 "GET /test1 HTTP/1.1" 200 - (3 ms)
[07/Nov/2018:10:26:09 +0800] 0:0:0:0:0:0:0:1 "GET /favicon.ico HTTP/1.1" 200 - (5 ms)
[07/Nov/2018:10:26:09 +0800] 0:0:0:0:0:0:0:1 "GET /test1 HTTP/1.1" 200 - (4 ms)
[07/Nov/2018:10:26:09 +0800] 0:0:0:0:0:0:0:1 "GET /favicon.ico HTTP/1.1" 200 - (8 ms)
[07/Nov/2018:10:26:09 +0800] 0:0:0:0:0:0:0:1 "GET /test1 HTTP/1.1" 200 - (9 ms)
[07/Nov/2018:10:26:09 +0800] 0:0:0:0:0:0:0:1 "GET /favicon.ico HTTP/1.1" 200 - (10 ms)
[07/Nov/2018:10:26:09 +0800] 0:0:0:0:0:0:0:1 "GET /test1 HTTP/1.1" 200 - (10 ms)
[07/Nov/2018:10:26:09 +0800] 0:0:0:0:0:0:0:1 "GET /favicon.ico HTTP/1.1" 200 - (10 ms)
[07/Nov/2018:10:26:10 +0800] 0:0:0:0:0:0:0:1 "GET /test1 HTTP/1.1" 200 - (7 ms)
[07/Nov/2018:10:26:10 +0800] 0:0:0:0:0:0:0:1 "GET /favicon.ico HTTP/1.1" 200 - (12 ms)
[07/Nov/2018:10:26:16 +0800] 0:0:0:0:0:0:0:1 "GET /test1 HTTP/1.1" 200 - (8 ms)
[07/Nov/2018:10:26:16 +0800] 0:0:0:0:0:0:0:1 "GET /favicon.ico HTTP/1.1" 200 - (5 ms)
[07/Nov/2018:10:26:16 +0800] 0:0:0:0:0:0:0:1 "GET /test1 HTTP/1.1" 200 - (4 ms)
[07/Nov/2018:10:26:16 +0800] 0:0:0:0:0:0:0:1 "GET /favicon.ico HTTP/1.1" 200 - (4 ms)
[07/Nov/2018:10:26:16 +0800] 0:0:0:0:0:0:0:1 "GET /test1 HTTP/1.1" 200 - (5 ms)
[07/Nov/2018:10:26:16 +0800] 0:0:0:0:0:0:0:1 "GET /favicon.ico HTTP/1.1" 200 - (4 ms)
[07/Nov/2018:10:26:17 +0800] 0:0:0:0:0:0:0:1 "GET /test1 HTTP/1.1" 200 - (6 ms)
[07/Nov/2018:10:26:17 +0800] 0:0:0:0:0:0:0:1 "GET /favicon.ico HTTP/1.1" 200 - (3 ms)
[07/Nov/2018:10:26:17 +0800] 0:0:0:0:0:0:0:1 "GET /test1 HTTP/1.1" 200 - (3 ms)
[07/Nov/2018:10:26:17 +0800] 0:0:0:0:0:0:0:1 "GET /test1 HTTP/1.1" 200 - (2 ms)
[07/Nov/2018:10:26:17 +0800] 0:0:0:0:0:0:0:1 "GET /favicon.ico HTTP/1.1" 200 - (4 ms)
[07/Nov/2018:10:26:17 +0800] 0:0:0:0:0:0:0:1 "GET /test1 HTTP/1.1" 200 - (3 ms)
[07/Nov/2018:10:26:17 +0800] 0:0:0:0:0:0:0:1 "GET /test1 HTTP/1.1" 200 - (3 ms)
[07/Nov/2018:10:26:17 +0800] 0:0:0:0:0:0:0:1 "GET /favicon.ico HTTP/1.1" 200 - (3 ms)
[07/Nov/2018:10:26:17 +0800] 0:0:0:0:0:0:0:1 "GET /test1 HTTP/1.1" 200 - (3 ms)
[07/Nov/2018:10:26:17 +0800] 0:0:0:0:0:0:0:1 "GET /favicon.ico HTTP/1.1" 200 - (5 ms)
[07/Nov/2018:10:26:17 +0800] 0:0:0:0:0:0:0:1 "GET /test1 HTTP/1.1" 200 - (3 ms)
[07/Nov/2018:10:26:17 +0800] 0:0:0:0:0:0:0:1 "GET /favicon.ico HTTP/1.1" 200 - (7 ms)
[07/Nov/2018:10:26:18 +0800] 0:0:0:0:0:0:0:1 "GET /test1 HTTP/1.1" 200 - (3 ms)
[07/Nov/2018:10:26:18 +0800] 0:0:0:0:0:0:0:1 "GET /favicon.ico HTTP/1.1" 200 - (5 ms)
[07/Nov/2018:10:26:18 +0800] 0:0:0:0:0:0:0:1 "GET /test1 HTTP/1.1" 200 - (3 ms)
[07/Nov/2018:10:26:18 +0800] 0:0:0:0:0:0:0:1 "GET /favicon.ico HTTP/1.1" 200 - (7 ms)
[07/Nov/2018:10:26:18 +0800] 0:0:0:0:0:0:0:1 "GET /test1 HTTP/1.1" 200 - (3 ms)
[07/Nov/2018:10:26:18 +0800] 0:0:0:0:0:0:0:1 "GET /favicon.ico HTTP/1.1" 200 - (6 ms)
[07/Nov/2018:10:26:18 +0800] 0:0:0:0:0:0:0:1 "GET /test1 HTTP/1.1" 200 - (2 ms)
[07/Nov/2018:10:26:18 +0800] 0:0:0:0:0:0:0:1 "GET /favicon.ico HTTP/1.1" 200 - (4 ms)
[07/Nov/2018:10:26:18 +0800] 0:0:0:0:0:0:0:1 "GET /test1 HTTP/1.1" 200 - (2 ms)
[07/Nov/2018:10:26:18 +0800] 0:0:0:0:0:0:0:1 "GET /favicon.ico HTTP/1.1" 200 - (4 ms)
[07/Nov/2018:10:26:18 +0800] 0:0:0:0:0:0:0:1 "GET /test1 HTTP/1.1" 200 - (2 ms)
[07/Nov/2018:10:26:19 +0800] 0:0:0:0:0:0:0:1 "GET /favicon.ico HTTP/1.1" 200 - (4 ms)
[07/Nov/2018:10:26:19 +0800] 0:0:0:0:0:0:0:1 "GET /test1 HTTP/1.1" 200 - (3 ms)
[07/Nov/2018:10:26:19 +0800] 0:0:0:0:0:0:0:1 "GET /favicon.ico HTTP/1.1" 200 - (10 ms)
[07/Nov/2018:10:26:19 +0800] 0:0:0:0:0:0:0:1 "GET /test1 HTTP/1.1" 200 - (4 ms)
[07/Nov/2018:10:26:19 +0800] 0:0:0:0:0:0:0:1 "GET /favicon.ico HTTP/1.1" 200 - (6 ms)
[07/Nov/2018:10:26:19 +0800] 0:0:0:0:0:0:0:1 "GET /test1 HTTP/1.1" 200 - (3 ms)
[07/Nov/2018:10:26:19 +0800] 0:0:0:0:0:0:0:1 "GET /favicon.ico HTTP/1.1" 200 - (7 ms)
[07/Nov/2018:10:26:19 +0800] 0:0:0:0:0:0:0:1 "GET /test1 HTTP/1.1" 200 - (5 ms)
[07/Nov/2018:10:26:19 +0800] 0:0:0:0:0:0:0:1 "GET /favicon.ico HTTP/1.1" 200 - (5 ms)
[07/Nov/2018:10:26:19 +0800] 0:0:0:0:0:0:0:1 "GET /test1 HTTP/1.1" 200 - (4 ms)
[07/Nov/2018:10:26:19 +0800] 0:0:0:0:0:0:0:1 "GET /favicon.ico HTTP/1.1" 200 - (5 ms)
[07/Nov/2018:10:26:20 +0800] 0:0:0:0:0:0:0:1 "GET /test1 HTTP/1.1" 200 - (2 ms)
[07/Nov/2018:10:26:20 +0800] 0:0:0:0:0:0:0:1 "GET /favicon.ico HTTP/1.1" 200 - (8 ms)
[07/Nov/2018:10:26:20 +0800] 0:0:0:0:0:0:0:1 "GET /test1 HTTP/1.1" 200 - (4 ms)
[07/Nov/2018:10:26:20 +0800] 0:0:0:0:0:0:0:1 "GET /favicon.ico HTTP/1.1" 200 - (4 ms)
[07/Nov/2018:11:23:42 +0800] 0:0:0:0:0:0:0:1 "GET /test1 HTTP/1.1" 200 - (268 ms)
[07/Nov/2018:11:23:42 +0800] 0:0:0:0:0:0:0:1 "GET /favicon.ico HTTP/1.1" 200 - (45 ms)
[07/Nov/2018:11:23:42 +0800] 0:0:0:0:0:0:0:1 "GET /test1 HTTP/1.1" 200 - (14 ms)
[07/Nov/2018:11:23:42 +0800] 0:0:0:0:0:0:0:1 "GET /test1 HTTP/1.1" 200 - (7 ms)
[07/Nov/2018:11:23:42 +0800] 0:0:0:0:0:0:0:1 "GET /favicon.ico HTTP/1.1" 200 - (9 ms)
[07/Nov/2018:16:27:19 +0800] 0:0:0:0:0:0:0:1 "GET /test1 HTTP/1.1" 200 - (13 ms)
[07/Nov/2018:16:27:20 +0800] 0:0:0:0:0:0:0:1 "GET /favicon.ico HTTP/1.1" 200 - (11 ms)
[07/Nov/2018:16:27:20 +0800] 0:0:0:0:0:0:0:1 "GET /test1 HTTP/1.1" 200 - (9 ms)
[07/Nov/2018:16:27:20 +0800] 0:0:0:0:0:0:0:1 "GET /favicon.ico HTTP/1.1" 200 - (4 ms)
[07/Nov/2018:16:27:21 +0800] 0:0:0:0:0:0:0:1 "GET /test1 HTTP/1.1" 200 - (6 ms)
[07/Nov/2018:16:27:21 +0800] 0:0:0:0:0:0:0:1 "GET /favicon.ico HTTP/1.1" 200 - (5 ms)
[07/Nov/2018:16:27:21 +0800] 0:0:0:0:0:0:0:1 "GET /test1 HTTP/1.1" 200 - (6 ms)
[07/Nov/2018:16:27:21 +0800] 0:0:0:0:0:0:0:1 "GET /favicon.ico HTTP/1.1" 200 - (12 ms)
[07/Nov/2018:16:27:21 +0800] 0:0:0:0:0:0:0:1 "GET /test1 HTTP/1.1" 200 - (10 ms)
[07/Nov/2018:16:27:21 +0800] 0:0:0:0:0:0:0:1 "GET /favicon.ico HTTP/1.1" 200 - (6 ms)
[07/Nov/2018:16:27:21 +0800] 0:0:0:0:0:0:0:1 "GET /test1 HTTP/1.1" 200 - (5 ms)
[07/Nov/2018:16:27:21 +0800] 0:0:0:0:0:0:0:1 "GET /favicon.ico HTTP/1.1" 200 - (6 ms)
[07/Nov/2018:16:27:22 +0800] 0:0:0:0:0:0:0:1 "GET /test1 HTTP/1.1" 200 - (5 ms)
[07/Nov/2018:16:27:22 +0800] 0:0:0:0:0:0:0:1 "GET /favicon.ico HTTP/1.1" 200 - (8 ms)
[07/Nov/2018:16:27:23 +0800] 0:0:0:0:0:0:0:1 "GET /test1 HTTP/1.1" 200 - (6 ms)
[07/Nov/2018:16:27:23 +0800] 0:0:0:0:0:0:0:1 "GET /favicon.ico HTTP/1.1" 200 - (8 ms)
[07/Nov/2018:16:27:23 +0800] 0:0:0:0:0:0:0:1 "GET /test1 HTTP/1.1" 200 - (15 ms)
[07/Nov/2018:16:27:23 +0800] 0:0:0:0:0:0:0:1 "GET /favicon.ico HTTP/1.1" 200 - (5 ms)
[07/Nov/2018:16:27:23 +0800] 0:0:0:0:0:0:0:1 "GET /test1 HTTP/1.1" 200 - (10 ms)
[07/Nov/2018:16:27:24 +0800] 0:0:0:0:0:0:0:1 "GET /favicon.ico HTTP/1.1" 200 - (10 ms)
[07/Nov/2018:16:27:24 +0800] 0:0:0:0:0:0:0:1 "GET /test1 HTTP/1.1" 200 - (12 ms)
[07/Nov/2018:16:27:24 +0800] 0:0:0:0:0:0:0:1 "GET /favicon.ico HTTP/1.1" 200 - (5 ms)
[07/Nov/2018:16:37:25 +0800] 0:0:0:0:0:0:0:1 "GET /test1 HTTP/1.1" 200 - (175 ms)
[07/Nov/2018:16:37:25 +0800] 0:0:0:0:0:0:0:1 "GET /favicon.ico HTTP/1.1" 200 - (42 ms)
[07/Nov/2018:16:38:33 +0800] 0:0:0:0:0:0:0:1 "GET /test1 HTTP/1.1" 200 - (20 ms)
[07/Nov/2018:16:38:33 +0800] 0:0:0:0:0:0:0:1 "GET /favicon.ico HTTP/1.1" 200 - (8 ms)
[07/Nov/2018:16:38:34 +0800] 0:0:0:0:0:0:0:1 "GET /test1 HTTP/1.1" 200 - (12 ms)
[07/Nov/2018:16:38:34 +0800] 0:0:0:0:0:0:0:1 "GET /favicon.ico HTTP/1.1" 200 - (6 ms)
[07/Nov/2018:16:38:34 +0800] 0:0:0:0:0:0:0:1 "GET /test1 HTTP/1.1" 200 - (12 ms)
[07/Nov/2018:16:38:34 +0800] 0:0:0:0:0:0:0:1 "GET /favicon.ico HTTP/1.1" 200 - (6 ms)
[07/Nov/2018:16:38:34 +0800] 0:0:0:0:0:0:0:1 "GET /test1 HTTP/1.1" 200 - (8 ms)
[07/Nov/2018:16:38:34 +0800] 0:0:0:0:0:0:0:1 "GET /favicon.ico HTTP/1.1" 200 - (10 ms)
[07/Nov/2018:16:38:35 +0800] 0:0:0:0:0:0:0:1 "GET /test1 HTTP/1.1" 200 - (7 ms)
[07/Nov/2018:16:38:35 +0800] 0:0:0:0:0:0:0:1 "GET /favicon.ico HTTP/1.1" 200 - (11 ms)
[07/Nov/2018:16:38:35 +0800] 0:0:0:0:0:0:0:1 "GET /test1 HTTP/1.1" 200 - (5 ms)
[07/Nov/2018:16:38:35 +0800] 0:0:0:0:0:0:0:1 "GET /favicon.ico HTTP/1.1" 200 - (7 ms)
[07/Nov/2018:16:38:35 +0800] 0:0:0:0:0:0:0:1 "GET /test1 HTTP/1.1" 200 - (10 ms)
[07/Nov/2018:16:38:35 +0800] 0:0:0:0:0:0:0:1 "GET /favicon.ico HTTP/1.1" 200 - (6 ms)
[07/Nov/2018:16:38:42 +0800] 0:0:0:0:0:0:0:1 "GET /test1 HTTP/1.1" 200 - (5 ms)
[07/Nov/2018:16:38:42 +0800] 0:0:0:0:0:0:0:1 "GET /favicon.ico HTTP/1.1" 200 - (8 ms)
[07/Nov/2018:16:38:43 +0800] 0:0:0:0:0:0:0:1 "GET /test1 HTTP/1.1" 200 - (5 ms)
[07/Nov/2018:16:38:43 +0800] 0:0:0:0:0:0:0:1 "GET /favicon.ico HTTP/1.1" 200 - (5 ms)
[07/Nov/2018:16:38:44 +0800] 0:0:0:0:0:0:0:1 "GET /test1 HTTP/1.1" 200 - (4 ms)
[07/Nov/2018:16:38:44 +0800] 0:0:0:0:0:0:0:1 "GET /favicon.ico HTTP/1.1" 200 - (10 ms)
[07/Nov/2018:16:38:44 +0800] 0:0:0:0:0:0:0:1 "GET /test1 HTTP/1.1" 200 - (6 ms)
[07/Nov/2018:16:38:44 +0800] 0:0:0:0:0:0:0:1 "GET /favicon.ico HTTP/1.1" 200 - (10 ms)
[07/Nov/2018:16:38:45 +0800] 0:0:0:0:0:0:0:1 "GET /test1 HTTP/1.1" 200 - (5 ms)
[07/Nov/2018:16:38:45 +0800] 0:0:0:0:0:0:0:1 "GET /favicon.ico HTTP/1.1" 200 - (10 ms)
[07/Nov/2018:16:38:48 +0800] 0:0:0:0:0:0:0:1 "GET /test1 HTTP/1.1" 200 - (6 ms)
[07/Nov/2018:16:38:48 +0800] 0:0:0:0:0:0:0:1 "GET /favicon.ico HTTP/1.1" 200 - (10 ms)
[07/Nov/2018:16:38:48 +0800] 0:0:0:0:0:0:0:1 "GET /test1 HTTP/1.1" 200 - (4 ms)
[07/Nov/2018:16:38:48 +0800] 0:0:0:0:0:0:0:1 "GET /favicon.ico HTTP/1.1" 200 - (7 ms)
[07/Nov/2018:16:38:49 +0800] 0:0:0:0:0:0:0:1 "GET /test1 HTTP/1.1" 200 - (5 ms)
[07/Nov/2018:16:38:49 +0800] 0:0:0:0:0:0:0:1 "GET /favicon.ico HTTP/1.1" 200 - (16 ms)
[07/Nov/2018:16:38:49 +0800] 0:0:0:0:0:0:0:1 "GET /test1 HTTP/1.1" 200 - (4 ms)
[07/Nov/2018:16:38:49 +0800] 0:0:0:0:0:0:0:1 "GET /favicon.ico HTTP/1.1" 200 - (4 ms)
[07/Nov/2018:16:38:50 +0800] 0:0:0:0:0:0:0:1 "GET /test1 HTTP/1.1" 200 - (4 ms)
[07/Nov/2018:16:38:50 +0800] 0:0:0:0:0:0:0:1 "GET /favicon.ico HTTP/1.1" 200 - (3 ms)
[07/Nov/2018:16:38:51 +0800] 0:0:0:0:0:0:0:1 "GET /test1 HTTP/1.1" 200 - (7 ms)
[07/Nov/2018:16:38:51 +0800] 0:0:0:0:0:0:0:1 "GET /favicon.ico HTTP/1.1" 200 - (10 ms)
[07/Nov/2018:16:38:51 +0800] 0:0:0:0:0:0:0:1 "GET /test1 HTTP/1.1" 200 - (3 ms)
[07/Nov/2018:16:38:51 +0800] 0:0:0:0:0:0:0:1 "GET /favicon.ico HTTP/1.1" 200 - (5 ms)
[07/Nov/2018:16:38:52 +0800] 0:0:0:0:0:0:0:1 "GET /test1 HTTP/1.1" 200 - (5 ms)
[07/Nov/2018:16:38:52 +0800] 0:0:0:0:0:0:0:1 "GET /favicon.ico HTTP/1.1" 200 - (5 ms)
[07/Nov/2018:16:38:53 +0800] 0:0:0:0:0:0:0:1 "GET /test1 HTTP/1.1" 200 - (5 ms)
[07/Nov/2018:16:38:53 +0800] 0:0:0:0:0:0:0:1 "GET /favicon.ico HTTP/1.1" 200 - (7 ms)
[07/Nov/2018:16:38:54 +0800] 0:0:0:0:0:0:0:1 "GET /test1 HTTP/1.1" 200 - (5 ms)
[07/Nov/2018:16:38:54 +0800] 0:0:0:0:0:0:0:1 "GET /favicon.ico HTTP/1.1" 200 - (4 ms)
[07/Nov/2018:16:38:55 +0800] 0:0:0:0:0:0:0:1 "GET /test1 HTTP/1.1" 200 - (6 ms)
[07/Nov/2018:16:38:55 +0800] 0:0:0:0:0:0:0:1 "GET /favicon.ico HTTP/1.1" 200 - (8 ms)
[07/Nov/2018:16:38:55 +0800] 0:0:0:0:0:0:0:1 "GET /test1 HTTP/1.1" 200 - (4 ms)
[07/Nov/2018:16:38:55 +0800] 0:0:0:0:0:0:0:1 "GET /favicon.ico HTTP/1.1" 200 - (10 ms)
[07/Nov/2018:16:38:56 +0800] 0:0:0:0:0:0:0:1 "GET /test1 HTTP/1.1" 200 - (6 ms)
[07/Nov/2018:16:38:56 +0800] 0:0:0:0:0:0:0:1 "GET /favicon.ico HTTP/1.1" 200 - (9 ms)
[07/Nov/2018:16:38:57 +0800] 0:0:0:0:0:0:0:1 "GET /test1 HTTP/1.1" 200 - (4 ms)
[07/Nov/2018:16:38:57 +0800] 0:0:0:0:0:0:0:1 "GET /favicon.ico HTTP/1.1" 200 - (6 ms)
[07/Nov/2018:16:38:58 +0800] 0:0:0:0:0:0:0:1 "GET /test1 HTTP/1.1" 200 - (5 ms)
[07/Nov/2018:16:38:58 +0800] 0:0:0:0:0:0:0:1 "GET /favicon.ico HTTP/1.1" 200 - (5 ms)
[07/Nov/2018:16:38:58 +0800] 0:0:0:0:0:0:0:1 "GET /test1 HTTP/1.1" 200 - (4 ms)
[07/Nov/2018:16:38:59 +0800] 0:0:0:0:0:0:0:1 "GET /favicon.ico HTTP/1.1" 200 - (6 ms)
[07/Nov/2018:16:38:59 +0800] 0:0:0:0:0:0:0:1 "GET /test1 HTTP/1.1" 200 - (4 ms)
[07/Nov/2018:16:38:59 +0800] 0:0:0:0:0:0:0:1 "GET /favicon.ico HTTP/1.1" 200 - (7 ms)
[07/Nov/2018:16:39:00 +0800] 0:0:0:0:0:0:0:1 "GET /test1 HTTP/1.1" 200 - (5 ms)
[07/Nov/2018:16:39:00 +0800] 0:0:0:0:0:0:0:1 "GET /favicon.ico HTTP/1.1" 200 - (6 ms)
[07/Nov/2018:16:39:01 +0800] 0:0:0:0:0:0:0:1 "GET /test1 HTTP/1.1" 200 - (4 ms)
[07/Nov/2018:16:39:01 +0800] 0:0:0:0:0:0:0:1 "GET /favicon.ico HTTP/1.1" 200 - (8 ms)
[07/Nov/2018:16:39:02 +0800] 0:0:0:0:0:0:0:1 "GET /test1 HTTP/1.1" 200 - (4 ms)
[07/Nov/2018:16:39:02 +0800] 0:0:0:0:0:0:0:1 "GET /favicon.ico HTTP/1.1" 200 - (6 ms)
[07/Nov/2018:16:39:03 +0800] 0:0:0:0:0:0:0:1 "GET /test1 HTTP/1.1" 200 - (4 ms)
[07/Nov/2018:16:39:03 +0800] 0:0:0:0:0:0:0:1 "GET /favicon.ico HTTP/1.1" 200 - (7 ms)
[07/Nov/2018:16:39:05 +0800] 0:0:0:0:0:0:0:1 "GET /test1 HTTP/1.1" 200 - (4 ms)
[07/Nov/2018:16:39:05 +0800] 0:0:0:0:0:0:0:1 "GET /favicon.ico HTTP/1.1" 200 - (7 ms)
[07/Nov/2018:16:39:06 +0800] 0:0:0:0:0:0:0:1 "GET /test1 HTTP/1.1" 200 - (4 ms)
[07/Nov/2018:16:39:06 +0800] 0:0:0:0:0:0:0:1 "GET /favicon.ico HTTP/1.1" 200 - (4 ms)
[07/Nov/2018:16:39:06 +0800] 0:0:0:0:0:0:0:1 "GET /test1 HTTP/1.1" 200 - (4 ms)
[07/Nov/2018:16:39:06 +0800] 0:0:0:0:0:0:0:1 "GET /favicon.ico HTTP/1.1" 200 - (8 ms)
[07/Nov/2018:16:39:06 +0800] 0:0:0:0:0:0:0:1 "GET /test1 HTTP/1.1" 200 - (5 ms)
[07/Nov/2018:16:39:06 +0800] 0:0:0:0:0:0:0:1 "GET /favicon.ico HTTP/1.1" 200 - (10 ms)
[07/Nov/2018:16:39:07 +0800] 0:0:0:0:0:0:0:1 "GET /test1 HTTP/1.1" 200 - (6 ms)
[07/Nov/2018:16:39:07 +0800] 0:0:0:0:0:0:0:1 "GET /favicon.ico HTTP/1.1" 200 - (3 ms)
[07/Nov/2018:16:39:15 +0800] 0:0:0:0:0:0:0:1 "GET /test1 HTTP/1.1" 200 - (6 ms)
[07/Nov/2018:16:39:15 +0800] 0:0:0:0:0:0:0:1 "GET /favicon.ico HTTP/1.1" 200 - (5 ms)
[07/Nov/2018:16:39:16 +0800] 0:0:0:0:0:0:0:1 "GET /test1 HTTP/1.1" 200 - (8 ms)
[07/Nov/2018:16:39:16 +0800] 0:0:0:0:0:0:0:1 "GET /favicon.ico HTTP/1.1" 200 - (9 ms)
[07/Nov/2018:16:39:16 +0800] 0:0:0:0:0:0:0:1 "GET /test1 HTTP/1.1" 200 - (3 ms)
[07/Nov/2018:16:39:16 +0800] 0:0:0:0:0:0:0:1 "GET /favicon.ico HTTP/1.1" 200 - (6 ms)
[07/Nov/2018:16:39:17 +0800] 0:0:0:0:0:0:0:1 "GET /test1 HTTP/1.1" 200 - (5 ms)
[07/Nov/2018:16:39:17 +0800] 0:0:0:0:0:0:0:1 "GET /favicon.ico HTTP/1.1" 200 - (11 ms)
[07/Nov/2018:16:39:17 +0800] 0:0:0:0:0:0:0:1 "GET /test1 HTTP/1.1" 200 - (5 ms)
[07/Nov/2018:16:39:17 +0800] 0:0:0:0:0:0:0:1 "GET /favicon.ico HTTP/1.1" 200 - (5 ms)
[07/Nov/2018:16:41:04 +0800] 0:0:0:0:0:0:0:1 "GET /test1 HTTP/1.1" 200 - (5 ms)
[07/Nov/2018:16:41:04 +0800] 0:0:0:0:0:0:0:1 "GET /favicon.ico HTTP/1.1" 200 - (10 ms)
[07/Nov/2018:16:41:04 +0800] 0:0:0:0:0:0:0:1 "GET /test1 HTTP/1.1" 200 - (3 ms)
[07/Nov/2018:16:41:05 +0800] 0:0:0:0:0:0:0:1 "GET /favicon.ico HTTP/1.1" 200 - (5 ms)
[07/Nov/2018:16:41:05 +0800] 0:0:0:0:0:0:0:1 "GET /test1 HTTP/1.1" 200 - (6 ms)
[07/Nov/2018:16:41:05 +0800] 0:0:0:0:0:0:0:1 "GET /favicon.ico HTTP/1.1" 200 - (10 ms)
[07/Nov/2018:16:41:06 +0800] 0:0:0:0:0:0:0:1 "GET /test1 HTTP/1.1" 200 - (4 ms)
[07/Nov/2018:16:41:06 +0800] 0:0:0:0:0:0:0:1 "GET /favicon.ico HTTP/1.1" 200 - (6 ms)
[07/Nov/2018:16:41:06 +0800] 0:0:0:0:0:0:0:1 "GET /test1 HTTP/1.1" 200 - (8 ms)
[07/Nov/2018:16:41:06 +0800] 0:0:0:0:0:0:0:1 "GET /favicon.ico HTTP/1.1" 200 - (7 ms)
[07/Nov/2018:16:41:06 +0800] 0:0:0:0:0:0:0:1 "GET /test1 HTTP/1.1" 200 - (4 ms)
[07/Nov/2018:16:41:06 +0800] 0:0:0:0:0:0:0:1 "GET /favicon.ico HTTP/1.1" 200 - (4 ms)
[07/Nov/2018:16:41:07 +0800] 0:0:0:0:0:0:0:1 "GET /test1 HTTP/1.1" 200 - (3 ms)
[07/Nov/2018:16:41:07 +0800] 0:0:0:0:0:0:0:1 "GET /favicon.ico HTTP/1.1" 200 - (3 ms)
[07/Nov/2018:16:41:07 +0800] 0:0:0:0:0:0:0:1 "GET /test1 HTTP/1.1" 200 - (7 ms)
[07/Nov/2018:16:41:07 +0800] 0:0:0:0:0:0:0:1 "GET /favicon.ico HTTP/1.1" 200 - (4 ms)
[07/Nov/2018:16:41:07 +0800] 0:0:0:0:0:0:0:1 "GET /test1 HTTP/1.1" 200 - (5 ms)
[07/Nov/2018:16:41:07 +0800] 0:0:0:0:0:0:0:1 "GET /favicon.ico HTTP/1.1" 200 - (4 ms)
[07/Nov/2018:16:41:07 +0800] 0:0:0:0:0:0:0:1 "GET /test1 HTTP/1.1" 200 - (4 ms)
[07/Nov/2018:16:41:07 +0800] 0:0:0:0:0:0:0:1 "GET /favicon.ico HTTP/1.1" 200 - (7 ms)
[07/Nov/2018:16:41:08 +0800] 0:0:0:0:0:0:0:1 "GET /test1 HTTP/1.1" 200 - (6 ms)
[07/Nov/2018:16:41:08 +0800] 0:0:0:0:0:0:0:1 "GET /favicon.ico HTTP/1.1" 200 - (7 ms)
[07/Nov/2018:16:41:08 +0800] 0:0:0:0:0:0:0:1 "GET /test1 HTTP/1.1" 200 - (6 ms)
[07/Nov/2018:16:41:08 +0800] 0:0:0:0:0:0:0:1 "GET /favicon.ico HTTP/1.1" 200 - (8 ms)
[07/Nov/2018:16:41:08 +0800] 0:0:0:0:0:0:0:1 "GET /test1 HTTP/1.1" 200 - (3 ms)
[07/Nov/2018:16:41:08 +0800] 0:0:0:0:0:0:0:1 "GET /test1 HTTP/1.1" 200 - (8 ms)
[07/Nov/2018:16:41:08 +0800] 0:0:0:0:0:0:0:1 "GET /test1 HTTP/1.1" 200 - (3 ms)
[07/Nov/2018:16:41:08 +0800] 0:0:0:0:0:0:0:1 "GET /test1 HTTP/1.1" 200 - (9 ms)
[07/Nov/2018:16:41:08 +0800] 0:0:0:0:0:0:0:1 "GET /test1 HTTP/1.1" 200 - (5 ms)
[07/Nov/2018:16:41:08 +0800] 0:0:0:0:0:0:0:1 "GET /favicon.ico HTTP/1.1" 200 - (9 ms)
[07/Nov/2018:16:41:08 +0800] 0:0:0:0:0:0:0:1 "GET /test1 HTTP/1.1" 200 - (10 ms)
[07/Nov/2018:16:41:08 +0800] 0:0:0:0:0:0:0:1 "GET /test1 HTTP/1.1" 200 - (5 ms)
[07/Nov/2018:16:41:09 +0800] 0:0:0:0:0:0:0:1 "GET /test1 HTTP/1.1" 200 - (6 ms)
[07/Nov/2018:16:41:09 +0800] 0:0:0:0:0:0:0:1 "GET /test1 HTTP/1.1" 200 - (6 ms)
[07/Nov/2018:16:41:09 +0800] 0:0:0:0:0:0:0:1 "GET /test1 HTTP/1.1" 200 - (10 ms)
[07/Nov/2018:16:41:09 +0800] 0:0:0:0:0:0:0:1 "GET /favicon.ico HTTP/1.1" 200 - (5 ms)
[07/Nov/2018:16:41:09 +0800] 0:0:0:0:0:0:0:1 "GET /test1 HTTP/1.1" 200 - (7 ms)
[07/Nov/2018:16:41:09 +0800] 0:0:0:0:0:0:0:1 "GET /test1 HTTP/1.1" 200 - (5 ms)
[07/Nov/2018:16:41:09 +0800] 0:0:0:0:0:0:0:1 "GET /favicon.ico HTTP/1.1" 200 - (10 ms)
[07/Nov/2018:16:41:09 +0800] 0:0:0:0:0:0:0:1 "GET /test1 HTTP/1.1" 200 - (8 ms)
[07/Nov/2018:16:41:09 +0800] 0:0:0:0:0:0:0:1 "GET /test1 HTTP/1.1" 200 - (9 ms)
[07/Nov/2018:16:41:09 +0800] 0:0:0:0:0:0:0:1 "GET /test1 HTTP/1.1" 200 - (3 ms)
[07/Nov/2018:16:41:09 +0800] 0:0:0:0:0:0:0:1 "GET /test1 HTTP/1.1" 200 - (18 ms)
[07/Nov/2018:16:41:09 +0800] 0:0:0:0:0:0:0:1 "GET /test1 HTTP/1.1" 200 - (11 ms)
[07/Nov/2018:16:41:09 +0800] 0:0:0:0:0:0:0:1 "GET /test1 HTTP/1.1" 200 - (8 ms)
[07/Nov/2018:16:41:09 +0800] 0:0:0:0:0:0:0:1 "GET /test1 HTTP/1.1" 200 - (7 ms)
[07/Nov/2018:16:41:09 +0800] 0:0:0:0:0:0:0:1 "GET /test1 HTTP/1.1" 200 - (4 ms)
[07/Nov/2018:16:41:09 +0800] 0:0:0:0:0:0:0:1 "GET /test1 HTTP/1.1" 200 - (6 ms)
[07/Nov/2018:16:41:09 +0800] 0:0:0:0:0:0:0:1 "GET /test1 HTTP/1.1" 200 - (7 ms)
[07/Nov/2018:16:41:09 +0800] 0:0:0:0:0:0:0:1 "GET /test1 HTTP/1.1" 200 - (10 ms)
[07/Nov/2018:16:41:09 +0800] 0:0:0:0:0:0:0:1 "GET /test1 HTTP/1.1" 200 - (4 ms)
[07/Nov/2018:16:41:09 +0800] 0:0:0:0:0:0:0:1 "GET /favicon.ico HTTP/1.1" 200 - (3 ms)
[07/Nov/2018:16:41:09 +0800] 0:0:0:0:0:0:0:1 "GET /test1 HTTP/1.1" 200 - (6 ms)
[07/Nov/2018:16:41:09 +0800] 0:0:0:0:0:0:0:1 "GET /test1 HTTP/1.1" 200 - (6 ms)
[07/Nov/2018:16:41:09 +0800] 0:0:0:0:0:0:0:1 "GET /favicon.ico HTTP/1.1" 200 - (6 ms)
[07/Nov/2018:16:41:09 +0800] 0:0:0:0:0:0:0:1 "GET /test1 HTTP/1.1" 200 - (6 ms)
[07/Nov/2018:16:41:09 +0800] 0:0:0:0:0:0:0:1 "GET /test1 HTTP/1.1" 200 - (4 ms)
[07/Nov/2018:16:41:09 +0800] 0:0:0:0:0:0:0:1 "GET /test1 HTTP/1.1" 200 - (7 ms)
[07/Nov/2018:16:41:10 +0800] 0:0:0:0:0:0:0:1 "GET /test1 HTTP/1.1" 200 - (6 ms)
[07/Nov/2018:16:41:10 +0800] 0:0:0:0:0:0:0:1 "GET /test1 HTTP/1.1" 200 - (7 ms)
[07/Nov/2018:16:41:10 +0800] 0:0:0:0:0:0:0:1 "GET /test1 HTTP/1.1" 200 - (8 ms)
[07/Nov/2018:16:41:10 +0800] 0:0:0:0:0:0:0:1 "GET /favicon.ico HTTP/1.1" 200 - (5 ms)
[07/Nov/2018:16:41:10 +0800] 0:0:0:0:0:0:0:1 "GET /test1 HTTP/1.1" 200 - (4 ms)
[07/Nov/2018:16:41:10 +0800] 0:0:0:0:0:0:0:1 "GET /test1 HTTP/1.1" 200 - (3 ms)
[07/Nov/2018:16:41:10 +0800] 0:0:0:0:0:0:0:1 "GET /test1 HTTP/1.1" 200 - (4 ms)
[07/Nov/2018:16:41:10 +0800] 0:0:0:0:0:0:0:1 "GET /favicon.ico HTTP/1.1" 200 - (7 ms)
[07/Nov/2018:16:41:10 +0800] 0:0:0:0:0:0:0:1 "GET /test1 HTTP/1.1" 200 - (3 ms)
[07/Nov/2018:16:41:10 +0800] 0:0:0:0:0:0:0:1 "GET /favicon.ico HTTP/1.1" 200 - (9 ms)
[07/Nov/2018:16:41:11 +0800] 0:0:0:0:0:0:0:1 "GET /test1 HTTP/1.1" 200 - (4 ms)
[07/Nov/2018:16:41:11 +0800] 0:0:0:0:0:0:0:1 "GET /favicon.ico HTTP/1.1" 200 - (7 ms)
[07/Nov/2018:16:41:11 +0800] 0:0:0:0:0:0:0:1 "GET /test1 HTTP/1.1" 200 - (5 ms)
[07/Nov/2018:16:41:11 +0800] 0:0:0:0:0:0:0:1 "GET /favicon.ico HTTP/1.1" 200 - (4 ms)
[07/Nov/2018:16:41:12 +0800] 0:0:0:0:0:0:0:1 "GET /test1 HTTP/1.1" 200 - (2 ms)
[07/Nov/2018:16:41:12 +0800] 0:0:0:0:0:0:0:1 "GET /favicon.ico HTTP/1.1" 200 - (4 ms)
[07/Nov/2018:16:41:12 +0800] 0:0:0:0:0:0:0:1 "GET /test1 HTTP/1.1" 200 - (4 ms)
[07/Nov/2018:16:41:12 +0800] 0:0:0:0:0:0:0:1 "GET /favicon.ico HTTP/1.1" 200 - (5 ms)
[07/Nov/2018:16:41:12 +0800] 0:0:0:0:0:0:0:1 "GET /test1 HTTP/1.1" 200 - (4 ms)
[07/Nov/2018:16:41:12 +0800] 0:0:0:0:0:0:0:1 "GET /favicon.ico HTTP/1.1" 200 - (4 ms)
[07/Nov/2018:16:41:12 +0800] 0:0:0:0:0:0:0:1 "GET /test1 HTTP/1.1" 200 - (3 ms)
[07/Nov/2018:16:41:12 +0800] 0:0:0:0:0:0:0:1 "GET /favicon.ico HTTP/1.1" 200 - (6 ms)
[07/Nov/2018:16:41:13 +0800] 0:0:0:0:0:0:0:1 "GET /test1 HTTP/1.1" 200 - (3 ms)
[07/Nov/2018:16:41:13 +0800] 0:0:0:0:0:0:0:1 "GET /favicon.ico HTTP/1.1" 200 - (4 ms)
[07/Nov/2018:16:41:13 +0800] 0:0:0:0:0:0:0:1 "GET /test1 HTTP/1.1" 200 - (4 ms)
[07/Nov/2018:16:41:13 +0800] 0:0:0:0:0:0:0:1 "GET /favicon.ico HTTP/1.1" 200 - (5 ms)
[07/Nov/2018:16:41:13 +0800] 0:0:0:0:0:0:0:1 "GET /test1 HTTP/1.1" 200 - (4 ms)
[07/Nov/2018:16:41:13 +0800] 0:0:0:0:0:0:0:1 "GET /favicon.ico HTTP/1.1" 200 - (10 ms)
[07/Nov/2018:16:41:13 +0800] 0:0:0:0:0:0:0:1 "GET /test1 HTTP/1.1" 200 - (4 ms)
[07/Nov/2018:16:41:13 +0800] 0:0:0:0:0:0:0:1 "GET /favicon.ico HTTP/1.1" 200 - (4 ms)
[07/Nov/2018:16:44:22 +0800] 0:0:0:0:0:0:0:1 "GET /test1 HTTP/1.1" 200 - (8 ms)
[07/Nov/2018:16:44:22 +0800] 0:0:0:0:0:0:0:1 "GET /favicon.ico HTTP/1.1" 200 - (6 ms)
[07/Nov/2018:16:44:23 +0800] 0:0:0:0:0:0:0:1 "GET /test1 HTTP/1.1" 200 - (3 ms)
[07/Nov/2018:16:44:23 +0800] 0:0:0:0:0:0:0:1 "GET /favicon.ico HTTP/1.1" 200 - (7 ms)
[07/Nov/2018:16:44:23 +0800] 0:0:0:0:0:0:0:1 "GET /test1 HTTP/1.1" 200 - (3 ms)
[07/Nov/2018:16:44:23 +0800] 0:0:0:0:0:0:0:1 "GET /favicon.ico HTTP/1.1" 200 - (7 ms)
[07/Nov/2018:16:51:38 +0800] 0:0:0:0:0:0:0:1 "GET /test1 HTTP/1.1" 200 - (210 ms)
[07/Nov/2018:16:51:38 +0800] 0:0:0:0:0:0:0:1 "GET /favicon.ico HTTP/1.1" 200 - (48 ms)
[07/Nov/2018:16:51:39 +0800] 0:0:0:0:0:0:0:1 "GET /test1 HTTP/1.1" 200 - (18 ms)
[07/Nov/2018:16:51:39 +0800] 0:0:0:0:0:0:0:1 "GET /favicon.ico HTTP/1.1" 200 - (10 ms)
[07/Nov/2018:16:51:39 +0800] 0:0:0:0:0:0:0:1 "GET /test1 HTTP/1.1" 200 - (15 ms)
[07/Nov/2018:16:51:39 +0800] 0:0:0:0:0:0:0:1 "GET /favicon.ico HTTP/1.1" 200 - (6 ms)
[07/Nov/2018:16:51:39 +0800] 0:0:0:0:0:0:0:1 "GET /test1 HTTP/1.1" 200 - (8 ms)
[07/Nov/2018:16:51:39 +0800] 0:0:0:0:0:0:0:1 "GET /favicon.ico HTTP/1.1" 200 - (11 ms)
[07/Nov/2018:16:51:39 +0800] 0:0:0:0:0:0:0:1 "GET /test1 HTTP/1.1" 200 - (10 ms)
[07/Nov/2018:16:51:39 +0800] 0:0:0:0:0:0:0:1 "GET /favicon.ico HTTP/1.1" 200 - (6 ms)
[07/Nov/2018:16:51:39 +0800] 0:0:0:0:0:0:0:1 "GET /test1 HTTP/1.1" 200 - (12 ms)
[07/Nov/2018:16:51:39 +0800] 0:0:0:0:0:0:0:1 "GET /favicon.ico HTTP/1.1" 200 - (8 ms)
[07/Nov/2018:16:51:39 +0800] 0:0:0:0:0:0:0:1 "GET /test1 HTTP/1.1" 200 - (9 ms)
[07/Nov/2018:16:51:39 +0800] 0:0:0:0:0:0:0:1 "GET /favicon.ico HTTP/1.1" 200 - (14 ms)
[07/Nov/2018:16:51:40 +0800] 0:0:0:0:0:0:0:1 "GET /test1 HTTP/1.1" 200 - (8 ms)
[07/Nov/2018:16:51:40 +0800] 0:0:0:0:0:0:0:1 "GET /favicon.ico HTTP/1.1" 200 - (9 ms)
[07/Nov/2018:16:51:40 +0800] 0:0:0:0:0:0:0:1 "GET /test1 HTTP/1.1" 200 - (8 ms)
[07/Nov/2018:16:51:40 +0800] 0:0:0:0:0:0:0:1 "GET /favicon.ico HTTP/1.1" 200 - (16 ms)
[07/Nov/2018:16:52:49 +0800] 0:0:0:0:0:0:0:1 "GET /test1 HTTP/1.1" 200 - (1062 ms)
[07/Nov/2018:16:52:49 +0800] 0:0:0:0:0:0:0:1 "GET /favicon.ico HTTP/1.1" 200 - (39 ms)
[07/Nov/2018:16:52:49 +0800] 0:0:0:0:0:0:0:1 "GET /test1 HTTP/1.1" 200 - (15 ms)
[07/Nov/2018:16:52:49 +0800] 0:0:0:0:0:0:0:1 "GET /favicon.ico HTTP/1.1" 200 - (10 ms)
[07/Nov/2018:16:52:50 +0800] 0:0:0:0:0:0:0:1 "GET /test1 HTTP/1.1" 200 - (12 ms)
[07/Nov/2018:16:52:50 +0800] 0:0:0:0:0:0:0:1 "GET /favicon.ico HTTP/1.1" 200 - (8 ms)
[07/Nov/2018:16:52:51 +0800] 0:0:0:0:0:0:0:1 "GET /test1 HTTP/1.1" 200 - (9 ms)
[07/Nov/2018:16:52:51 +0800] 0:0:0:0:0:0:0:1 "GET /favicon.ico HTTP/1.1" 200 - (6 ms)
[07/Nov/2018:16:52:51 +0800] 0:0:0:0:0:0:0:1 "GET /test1 HTTP/1.1" 200 - (12 ms)
[07/Nov/2018:16:52:51 +0800] 0:0:0:0:0:0:0:1 "GET /favicon.ico HTTP/1.1" 200 - (16 ms)
[07/Nov/2018:16:52:51 +0800] 0:0:0:0:0:0:0:1 "GET /test1 HTTP/1.1" 200 - (33 ms)
[07/Nov/2018:16:52:51 +0800] 0:0:0:0:0:0:0:1 "GET /favicon.ico HTTP/1.1" 200 - (9 ms)
[07/Nov/2018:16:52:51 +0800] 0:0:0:0:0:0:0:1 "GET /test1 HTTP/1.1" 200 - (12 ms)
[07/Nov/2018:16:52:52 +0800] 0:0:0:0:0:0:0:1 "GET /favicon.ico HTTP/1.1" 200 - (15 ms)
[07/Nov/2018:16:52:52 +0800] 0:0:0:0:0:0:0:1 "GET /test1 HTTP/1.1" 200 - (21 ms)
[07/Nov/2018:16:52:52 +0800] 0:0:0:0:0:0:0:1 "GET /favicon.ico HTTP/1.1" 200 - (8 ms)
[07/Nov/2018:16:52:52 +0800] 0:0:0:0:0:0:0:1 "GET /test1 HTTP/1.1" 200 - (11 ms)
[07/Nov/2018:16:52:52 +0800] 0:0:0:0:0:0:0:1 "GET /favicon.ico HTTP/1.1" 200 - (4 ms)
[07/Nov/2018:16:52:52 +0800] 0:0:0:0:0:0:0:1 "GET /test1 HTTP/1.1" 200 - (7 ms)
[07/Nov/2018:16:52:52 +0800] 0:0:0:0:0:0:0:1 "GET /favicon.ico HTTP/1.1" 200 - (13 ms)
[07/Nov/2018:16:52:52 +0800] 0:0:0:0:0:0:0:1 "GET /test1 HTTP/1.1" 200 - (7 ms)
[07/Nov/2018:16:52:52 +0800] 0:0:0:0:0:0:0:1 "GET /favicon.ico HTTP/1.1" 200 - (8 ms)
[07/Nov/2018:16:52:53 +0800] 0:0:0:0:0:0:0:1 "GET /test1 HTTP/1.1" 200 - (10 ms)
[07/Nov/2018:16:52:53 +0800] 0:0:0:0:0:0:0:1 "GET /favicon.ico HTTP/1.1" 200 - (12 ms)
[07/Nov/2018:16:54:22 +0800] 0:0:0:0:0:0:0:1 "GET /test1 HTTP/1.1" 200 - (277 ms)
[07/Nov/2018:16:54:22 +0800] 0:0:0:0:0:0:0:1 "GET /favicon.ico HTTP/1.1" 200 - (39 ms)
[07/Nov/2018:16:54:23 +0800] 0:0:0:0:0:0:0:1 "GET /test1 HTTP/1.1" 200 - (26 ms)
[07/Nov/2018:16:54:23 +0800] 0:0:0:0:0:0:0:1 "GET /favicon.ico HTTP/1.1" 200 - (6 ms)
[07/Nov/2018:16:55:38 +0800] 0:0:0:0:0:0:0:1 "GET /test1 HTTP/1.1" 200 - (338 ms)
[07/Nov/2018:16:55:38 +0800] 0:0:0:0:0:0:0:1 "GET /test1 HTTP/1.1" 200 - (167 ms)
[07/Nov/2018:16:55:38 +0800] 0:0:0:0:0:0:0:1 "GET /favicon.ico HTTP/1.1" 200 - (17 ms)
[07/Nov/2018:16:55:39 +0800] 0:0:0:0:0:0:0:1 "GET /test1 HTTP/1.1" 200 - (147 ms)
[07/Nov/2018:16:55:39 +0800] 0:0:0:0:0:0:0:1 "GET /test1 HTTP/1.1" 200 - (153 ms)
[07/Nov/2018:16:55:39 +0800] 0:0:0:0:0:0:0:1 "GET /favicon.ico HTTP/1.1" 200 - (6 ms)
[07/Nov/2018:16:56:27 +0800] 0:0:0:0:0:0:0:1 "GET /test1 HTTP/1.1" 200 - (33 ms)
[07/Nov/2018:16:56:27 +0800] 0:0:0:0:0:0:0:1 "GET /favicon.ico HTTP/1.1" 200 - (9 ms)
[07/Nov/2018:16:57:33 +0800] 127.0.0.1 "GET /test1 HTTP/1.1" 200 - (401 ms)
[07/Nov/2018:16:57:33 +0800] 127.0.0.1 "GET /favicon.ico HTTP/1.1" 200 - (56 ms)
[07/Nov/2018:16:57:35 +0800] 127.0.0.1 "GET /test1 HTTP/1.1" 200 - (8 ms)
[07/Nov/2018:16:57:35 +0800] 127.0.0.1 "GET /favicon.ico HTTP/1.1" 200 - (16 ms)
[07/Nov/2018:16:57:36 +0800] 127.0.0.1 "GET /test1 HTTP/1.1" 200 - (10 ms)
[07/Nov/2018:16:57:36 +0800] 127.0.0.1 "GET /favicon.ico HTTP/1.1" 200 - (7 ms)
[07/Nov/2018:16:57:36 +0800] 127.0.0.1 "GET /test1 HTTP/1.1" 200 - (9 ms)
[07/Nov/2018:16:57:36 +0800] 127.0.0.1 "GET /favicon.ico HTTP/1.1" 200 - (9 ms)
[07/Nov/2018:16:57:36 +0800] 127.0.0.1 "GET /test1 HTTP/1.1" 200 - (6 ms)
[07/Nov/2018:16:57:36 +0800] 127.0.0.1 "GET /favicon.ico HTTP/1.1" 200 - (19 ms)
[07/Nov/2018:16:57:36 +0800] 127.0.0.1 "GET /test1 HTTP/1.1" 200 - (10 ms)
[07/Nov/2018:16:57:36 +0800] 127.0.0.1 "GET /favicon.ico HTTP/1.1" 200 - (7 ms)
[07/Nov/2018:16:57:36 +0800] 127.0.0.1 "GET /test1 HTTP/1.1" 200 - (11 ms)
[07/Nov/2018:16:57:36 +0800] 127.0.0.1 "GET /favicon.ico HTTP/1.1" 200 - (16 ms)
[07/Nov/2018:16:57:37 +0800] 127.0.0.1 "GET /test1 HTTP/1.1" 200 - (11 ms)
[07/Nov/2018:16:57:37 +0800] 127.0.0.1 "GET /favicon.ico HTTP/1.1" 200 - (7 ms)
[07/Nov/2018:16:57:37 +0800] 127.0.0.1 "GET /test1 HTTP/1.1" 200 - (8 ms)
[07/Nov/2018:16:57:37 +0800] 127.0.0.1 "GET /favicon.ico HTTP/1.1" 200 - (12 ms)
[07/Nov/2018:16:57:37 +0800] 127.0.0.1 "GET /test1 HTTP/1.1" 200 - (7 ms)
[07/Nov/2018:16:57:37 +0800] 127.0.0.1 "GET /favicon.ico HTTP/1.1" 200 - (6 ms)
[07/Nov/2018:16:57:39 +0800] 127.0.0.1 "GET /test1 HTTP/1.1" 200 - (12 ms)
[07/Nov/2018:16:57:39 +0800] 127.0.0.1 "GET /favicon.ico HTTP/1.1" 200 - (43 ms)
[07/Nov/2018:16:57:39 +0800] 127.0.0.1 "GET /test1 HTTP/1.1" 200 - (5 ms)
[07/Nov/2018:16:57:39 +0800] 127.0.0.1 "GET /favicon.ico HTTP/1.1" 200 - (9 ms)
[07/Nov/2018:16:57:39 +0800] 127.0.0.1 "GET /test1 HTTP/1.1" 200 - (7 ms)
[07/Nov/2018:16:57:40 +0800] 127.0.0.1 "GET /favicon.ico HTTP/1.1" 200 - (9 ms)
[07/Nov/2018:16:57:40 +0800] 127.0.0.1 "GET /test1 HTTP/1.1" 200 - (6 ms)
[07/Nov/2018:16:57:40 +0800] 127.0.0.1 "GET /favicon.ico HTTP/1.1" 200 - (5 ms)
[07/Nov/2018:16:58:22 +0800] 127.0.0.1 "GET /test1 HTTP/1.1" 200 - (9 ms)
[07/Nov/2018:16:58:22 +0800] 127.0.0.1 "GET /favicon.ico HTTP/1.1" 200 - (8 ms)
[07/Nov/2018:16:58:23 +0800] 127.0.0.1 "GET /test1 HTTP/1.1" 200 - (12 ms)
[07/Nov/2018:16:58:23 +0800] 127.0.0.1 "GET /favicon.ico HTTP/1.1" 200 - (11 ms)
[07/Nov/2018:16:58:23 +0800] 127.0.0.1 "GET /test1 HTTP/1.1" 200 - (5 ms)
[07/Nov/2018:16:58:23 +0800] 127.0.0.1 "GET /favicon.ico HTTP/1.1" 200 - (6 ms)
[07/Nov/2018:16:58:24 +0800] 127.0.0.1 "GET /test1 HTTP/1.1" 200 - (5 ms)
[07/Nov/2018:16:58:24 +0800] 127.0.0.1 "GET /favicon.ico HTTP/1.1" 200 - (5 ms)
[07/Nov/2018:16:58:25 +0800] 127.0.0.1 "GET /test1 HTTP/1.1" 200 - (8 ms)
[07/Nov/2018:16:58:25 +0800] 127.0.0.1 "GET /favicon.ico HTTP/1.1" 200 - (5 ms)
[07/Nov/2018:16:58:25 +0800] 127.0.0.1 "GET /test1 HTTP/1.1" 200 - (5 ms)
[07/Nov/2018:16:58:25 +0800] 127.0.0.1 "GET /favicon.ico HTTP/1.1" 200 - (6 ms)
[07/Nov/2018:16:58:25 +0800] 127.0.0.1 "GET /test1 HTTP/1.1" 200 - (5 ms)
[07/Nov/2018:16:58:25 +0800] 127.0.0.1 "GET /favicon.ico HTTP/1.1" 200 - (6 ms)
[07/Nov/2018:16:58:26 +0800] 127.0.0.1 "GET /test1 HTTP/1.1" 200 - (6 ms)
[07/Nov/2018:16:58:26 +0800] 127.0.0.1 "GET /favicon.ico HTTP/1.1" 200 - (6 ms)
[07/Nov/2018:16:58:26 +0800] 127.0.0.1 "GET /test1 HTTP/1.1" 200 - (4 ms)
[07/Nov/2018:16:58:26 +0800] 127.0.0.1 "GET /favicon.ico HTTP/1.1" 200 - (8 ms)
[07/Nov/2018:16:58:27 +0800] 127.0.0.1 "GET /test1 HTTP/1.1" 200 - (6 ms)
[07/Nov/2018:16:58:27 +0800] 127.0.0.1 "GET /favicon.ico HTTP/1.1" 200 - (8 ms)
[07/Nov/2018:16:58:28 +0800] 127.0.0.1 "GET /test1 HTTP/1.1" 200 - (7 ms)
[07/Nov/2018:16:58:28 +0800] 127.0.0.1 "GET /favicon.ico HTTP/1.1" 200 - (17 ms)
[07/Nov/2018:16:58:28 +0800] 127.0.0.1 "GET /test1 HTTP/1.1" 200 - (8 ms)
[07/Nov/2018:16:58:28 +0800] 127.0.0.1 "GET /favicon.ico HTTP/1.1" 200 - (9 ms)
[07/Nov/2018:16:58:28 +0800] 127.0.0.1 "GET /test1 HTTP/1.1" 200 - (4 ms)
[07/Nov/2018:16:58:29 +0800] 127.0.0.1 "GET /favicon.ico HTTP/1.1" 200 - (6 ms)
[07/Nov/2018:16:58:29 +0800] 127.0.0.1 "GET /test1 HTTP/1.1" 200 - (8 ms)
[07/Nov/2018:16:58:29 +0800] 127.0.0.1 "GET /favicon.ico HTTP/1.1" 200 - (8 ms)
[07/Nov/2018:16:58:29 +0800] 127.0.0.1 "GET /test1 HTTP/1.1" 200 - (5 ms)
[07/Nov/2018:16:58:29 +0800] 127.0.0.1 "GET /favicon.ico HTTP/1.1" 200 - (5 ms)
[07/Nov/2018:16:58:30 +0800] 127.0.0.1 "GET /test1 HTTP/1.1" 200 - (5 ms)
[07/Nov/2018:16:58:30 +0800] 127.0.0.1 "GET /favicon.ico HTTP/1.1" 200 - (7 ms)
[07/Nov/2018:16:58:30 +0800] 127.0.0.1 "GET /test1 HTTP/1.1" 200 - (4 ms)
[07/Nov/2018:16:58:30 +0800] 127.0.0.1 "GET /favicon.ico HTTP/1.1" 200 - (9 ms)
[07/Nov/2018:16:58:30 +0800] 127.0.0.1 "GET /test1 HTTP/1.1" 200 - (7 ms)
[07/Nov/2018:16:58:30 +0800] 127.0.0.1 "GET /favicon.ico HTTP/1.1" 200 - (11 ms)
[07/Nov/2018:16:58:33 +0800] 127.0.0.1 "GET /test1 HTTP/1.1" 200 - (6 ms)
[07/Nov/2018:16:58:33 +0800] 127.0.0.1 "GET /favicon.ico HTTP/1.1" 200 - (10 ms)
[07/Nov/2018:16:58:33 +0800] 127.0.0.1 "GET /test1 HTTP/1.1" 200 - (5 ms)
[07/Nov/2018:16:58:33 +0800] 127.0.0.1 "GET /favicon.ico HTTP/1.1" 200 - (4 ms)
[07/Nov/2018:16:58:33 +0800] 127.0.0.1 "GET /test1 HTTP/1.1" 200 - (6 ms)
[07/Nov/2018:16:58:34 +0800] 127.0.0.1 "GET /favicon.ico HTTP/1.1" 200 - (6 ms)
[07/Nov/2018:16:58:34 +0800] 127.0.0.1 "GET /test1 HTTP/1.1" 200 - (5 ms)
[07/Nov/2018:16:58:34 +0800] 127.0.0.1 "GET /favicon.ico HTTP/1.1" 200 - (9 ms)
[07/Nov/2018:16:58:34 +0800] 127.0.0.1 "GET /test1 HTTP/1.1" 200 - (5 ms)
[07/Nov/2018:16:58:34 +0800] 127.0.0.1 "GET /favicon.ico HTTP/1.1" 200 - (7 ms)
[07/Nov/2018:16:58:35 +0800] 127.0.0.1 "GET /test1 HTTP/1.1" 200 - (4 ms)
[07/Nov/2018:16:58:35 +0800] 127.0.0.1 "GET /favicon.ico HTTP/1.1" 200 - (11 ms)
[07/Nov/2018:16:58:47 +0800] 127.0.0.1 "GET /test1 HTTP/1.1" 200 - (6 ms)
[07/Nov/2018:16:58:47 +0800] 127.0.0.1 "GET /favicon.ico HTTP/1.1" 200 - (6 ms)
[07/Nov/2018:16:58:48 +0800] 127.0.0.1 "GET /test1 HTTP/1.1" 200 - (5 ms)
[07/Nov/2018:16:58:48 +0800] 127.0.0.1 "GET /favicon.ico HTTP/1.1" 200 - (5 ms)
[07/Nov/2018:16:58:48 +0800] 127.0.0.1 "GET /test1 HTTP/1.1" 200 - (6 ms)
[07/Nov/2018:16:58:48 +0800] 127.0.0.1 "GET /favicon.ico HTTP/1.1" 200 - (9 ms)
[07/Nov/2018:16:58:48 +0800] 127.0.0.1 "GET /test1 HTTP/1.1" 200 - (5 ms)
[07/Nov/2018:16:58:48 +0800] 127.0.0.1 "GET /favicon.ico HTTP/1.1" 200 - (6 ms)
[07/Nov/2018:16:58:49 +0800] 127.0.0.1 "GET /test1 HTTP/1.1" 200 - (4 ms)
[07/Nov/2018:16:58:49 +0800] 127.0.0.1 "GET /favicon.ico HTTP/1.1" 200 - (10 ms)
[07/Nov/2018:16:58:50 +0800] 127.0.0.1 "GET /test1 HTTP/1.1" 200 - (4 ms)
[07/Nov/2018:16:58:50 +0800] 127.0.0.1 "GET /favicon.ico HTTP/1.1" 200 - (10 ms)
[07/Nov/2018:16:58:50 +0800] 127.0.0.1 "GET /test1 HTTP/1.1" 200 - (5 ms)
[07/Nov/2018:16:58:50 +0800] 127.0.0.1 "GET /favicon.ico HTTP/1.1" 200 - (4 ms)
[07/Nov/2018:16:58:51 +0800] 127.0.0.1 "GET /test1 HTTP/1.1" 200 - (4 ms)
[07/Nov/2018:16:58:51 +0800] 127.0.0.1 "GET /favicon.ico HTTP/1.1" 200 - (5 ms)
[07/Nov/2018:16:58:52 +0800] 127.0.0.1 "GET /test1 HTTP/1.1" 200 - (7 ms)
[07/Nov/2018:16:58:52 +0800] 127.0.0.1 "GET /favicon.ico HTTP/1.1" 200 - (4 ms)
[07/Nov/2018:16:58:53 +0800] 127.0.0.1 "GET /test1 HTTP/1.1" 200 - (7 ms)
[07/Nov/2018:16:58:53 +0800] 127.0.0.1 "GET /favicon.ico HTTP/1.1" 200 - (8 ms)
[07/Nov/2018:16:58:53 +0800] 127.0.0.1 "GET /test1 HTTP/1.1" 200 - (4 ms)
[07/Nov/2018:16:58:53 +0800] 127.0.0.1 "GET /favicon.ico HTTP/1.1" 200 - (5 ms)
[07/Nov/2018:16:58:54 +0800] 127.0.0.1 "GET /test1 HTTP/1.1" 200 - (6 ms)
[07/Nov/2018:16:58:54 +0800] 127.0.0.1 "GET /favicon.ico HTTP/1.1" 200 - (5 ms)
[07/Nov/2018:16:58:55 +0800] 0:0:0:0:0:0:0:1 "GET /test1 HTTP/1.1" 200 - (4 ms)
[07/Nov/2018:16:58:55 +0800] 0:0:0:0:0:0:0:1 "GET /favicon.ico HTTP/1.1" 200 - (3 ms)
[07/Nov/2018:16:58:56 +0800] 0:0:0:0:0:0:0:1 "GET /test1 HTTP/1.1" 200 - (5 ms)
[07/Nov/2018:16:58:56 +0800] 0:0:0:0:0:0:0:1 "GET /favicon.ico HTTP/1.1" 200 - (3 ms)
[07/Nov/2018:16:58:57 +0800] 0:0:0:0:0:0:0:1 "GET /test1 HTTP/1.1" 200 - (4 ms)
[07/Nov/2018:16:58:57 +0800] 0:0:0:0:0:0:0:1 "GET /favicon.ico HTTP/1.1" 200 - (5 ms)
[07/Nov/2018:16:58:57 +0800] 0:0:0:0:0:0:0:1 "GET /test1 HTTP/1.1" 200 - (4 ms)
[07/Nov/2018:16:58:58 +0800] 0:0:0:0:0:0:0:1 "GET /favicon.ico HTTP/1.1" 200 - (8 ms)
[07/Nov/2018:16:58:58 +0800] 0:0:0:0:0:0:0:1 "GET /test1 HTTP/1.1" 200 - (5 ms)
[07/Nov/2018:16:58:58 +0800] 0:0:0:0:0:0:0:1 "GET /favicon.ico HTTP/1.1" 200 - (6 ms)
[07/Nov/2018:16:58:59 +0800] 0:0:0:0:0:0:0:1 "GET /test1 HTTP/1.1" 200 - (4 ms)
[07/Nov/2018:16:58:59 +0800] 0:0:0:0:0:0:0:1 "GET /favicon.ico HTTP/1.1" 200 - (4 ms)
[07/Nov/2018:16:59:00 +0800] 0:0:0:0:0:0:0:1 "GET /test1 HTTP/1.1" 200 - (5 ms)
[07/Nov/2018:16:59:00 +0800] 0:0:0:0:0:0:0:1 "GET /favicon.ico HTTP/1.1" 200 - (4 ms)
[07/Nov/2018:16:59:01 +0800] 0:0:0:0:0:0:0:1 "GET /test1 HTTP/1.1" 200 - (5 ms)
[07/Nov/2018:16:59:01 +0800] 0:0:0:0:0:0:0:1 "GET /favicon.ico HTTP/1.1" 200 - (4 ms)
[07/Nov/2018:16:59:02 +0800] 0:0:0:0:0:0:0:1 "GET /test1 HTTP/1.1" 200 - (3 ms)
[07/Nov/2018:16:59:02 +0800] 0:0:0:0:0:0:0:1 "GET /favicon.ico HTTP/1.1" 200 - (9 ms)
[07/Nov/2018:16:59:02 +0800] 0:0:0:0:0:0:0:1 "GET /test1 HTTP/1.1" 200 - (4 ms)
[07/Nov/2018:16:59:03 +0800] 0:0:0:0:0:0:0:1 "GET /favicon.ico HTTP/1.1" 200 - (4 ms)
[07/Nov/2018:16:59:03 +0800] 0:0:0:0:0:0:0:1 "GET /test1 HTTP/1.1" 200 - (59 ms)
[07/Nov/2018:16:59:03 +0800] 0:0:0:0:0:0:0:1 "GET /favicon.ico HTTP/1.1" 200 - (6 ms)
[07/Nov/2018:16:59:04 +0800] 0:0:0:0:0:0:0:1 "GET /test1 HTTP/1.1" 200 - (24 ms)
[07/Nov/2018:16:59:04 +0800] 0:0:0:0:0:0:0:1 "GET /favicon.ico HTTP/1.1" 200 - (8 ms)
[07/Nov/2018:16:59:05 +0800] 0:0:0:0:0:0:0:1 "GET /test1 HTTP/1.1" 200 - (21 ms)
[07/Nov/2018:16:59:05 +0800] 0:0:0:0:0:0:0:1 "GET /favicon.ico HTTP/1.1" 200 - (6 ms)
[07/Nov/2018:16:59:05 +0800] 0:0:0:0:0:0:0:1 "GET /test1 HTTP/1.1" 200 - (17 ms)
[07/Nov/2018:16:59:06 +0800] 0:0:0:0:0:0:0:1 "GET /favicon.ico HTTP/1.1" 200 - (6 ms)
[07/Nov/2018:16:59:06 +0800] 0:0:0:0:0:0:0:1 "GET /test1 HTTP/1.1" 200 - (23 ms)
[07/Nov/2018:16:59:06 +0800] 0:0:0:0:0:0:0:1 "GET /favicon.ico HTTP/1.1" 200 - (5 ms)
[07/Nov/2018:17:02:10 +0800] 0:0:0:0:0:0:0:1 "GET /test1 HTTP/1.1" 200 - (9 ms)
[07/Nov/2018:17:02:10 +0800] 0:0:0:0:0:0:0:1 "GET /favicon.ico HTTP/1.1" 200 - (8 ms)
[07/Nov/2018:17:02:11 +0800] 0:0:0:0:0:0:0:1 "GET /test1 HTTP/1.1" 200 - (6 ms)
[07/Nov/2018:17:02:11 +0800] 0:0:0:0:0:0:0:1 "GET /favicon.ico HTTP/1.1" 200 - (4 ms)
[07/Nov/2018:17:02:11 +0800] 0:0:0:0:0:0:0:1 "GET /test1 HTTP/1.1" 200 - (9 ms)
[07/Nov/2018:17:02:11 +0800] 0:0:0:0:0:0:0:1 "GET /favicon.ico HTTP/1.1" 200 - (7 ms)
[07/Nov/2018:17:02:11 +0800] 0:0:0:0:0:0:0:1 "GET /test1 HTTP/1.1" 200 - (7 ms)
[07/Nov/2018:17:02:11 +0800] 0:0:0:0:0:0:0:1 "GET /favicon.ico HTTP/1.1" 200 - (4 ms)
[07/Nov/2018:17:02:11 +0800] 0:0:0:0:0:0:0:1 "GET /test1 HTTP/1.1" 200 - (5 ms)
[07/Nov/2018:17:02:11 +0800] 0:0:0:0:0:0:0:1 "GET /favicon.ico HTTP/1.1" 200 - (3 ms)
[07/Nov/2018:17:02:12 +0800] 0:0:0:0:0:0:0:1 "GET /test1 HTTP/1.1" 200 - (6 ms)
[07/Nov/2018:17:02:12 +0800] 0:0:0:0:0:0:0:1 "GET /favicon.ico HTTP/1.1" 200 - (5 ms)
[07/Nov/2018:17:02:12 +0800] 0:0:0:0:0:0:0:1 "GET /test1 HTTP/1.1" 200 - (7 ms)
[07/Nov/2018:17:02:12 +0800] 0:0:0:0:0:0:0:1 "GET /favicon.ico HTTP/1.1" 200 - (4 ms)
[07/Nov/2018:17:02:12 +0800] 0:0:0:0:0:0:0:1 "GET /test1 HTTP/1.1" 200 - (6 ms)
[07/Nov/2018:17:02:12 +0800] 0:0:0:0:0:0:0:1 "GET /favicon.ico HTTP/1.1" 200 - (3 ms)
[07/Nov/2018:17:02:12 +0800] 0:0:0:0:0:0:0:1 "GET /test1 HTTP/1.1" 200 - (4 ms)
[07/Nov/2018:17:02:12 +0800] 0:0:0:0:0:0:0:1 "GET /favicon.ico HTTP/1.1" 200 - (4 ms)
[07/Nov/2018:17:02:12 +0800] 0:0:0:0:0:0:0:1 "GET /test1 HTTP/1.1" 200 - (6 ms)
[07/Nov/2018:17:02:12 +0800] 0:0:0:0:0:0:0:1 "GET /favicon.ico HTTP/1.1" 200 - (6 ms)
[07/Nov/2018:17:02:13 +0800] 0:0:0:0:0:0:0:1 "GET /test1 HTTP/1.1" 200 - (6 ms)
[07/Nov/2018:17:02:13 +0800] 0:0:0:0:0:0:0:1 "GET /favicon.ico HTTP/1.1" 200 - (5 ms)
[07/Nov/2018:17:02:13 +0800] 0:0:0:0:0:0:0:1 "GET /test1 HTTP/1.1" 200 - (6 ms)
[07/Nov/2018:17:02:13 +0800] 0:0:0:0:0:0:0:1 "GET /favicon.ico HTTP/1.1" 200 - (6 ms)
[07/Nov/2018:17:02:13 +0800] 0:0:0:0:0:0:0:1 "GET /test1 HTTP/1.1" 200 - (8 ms)
[07/Nov/2018:17:02:13 +0800] 0:0:0:0:0:0:0:1 "GET /favicon.ico HTTP/1.1" 200 - (4 ms)
[07/Nov/2018:17:02:13 +0800] 0:0:0:0:0:0:0:1 "GET /test1 HTTP/1.1" 200 - (4 ms)
[07/Nov/2018:17:02:13 +0800] 0:0:0:0:0:0:0:1 "GET /favicon.ico HTTP/1.1" 200 - (5 ms)
[07/Nov/2018:17:02:59 +0800] 0:0:0:0:0:0:0:1 "GET /test1 HTTP/1.1" 200 - (117 ms)
[07/Nov/2018:17:02:59 +0800] 0:0:0:0:0:0:0:1 "GET /favicon.ico HTTP/1.1" 200 - (8 ms)
[07/Nov/2018:17:03:00 +0800] 0:0:0:0:0:0:0:1 "GET /test1 HTTP/1.1" 200 - (27 ms)
[07/Nov/2018:17:03:00 +0800] 0:0:0:0:0:0:0:1 "GET /favicon.ico HTTP/1.1" 200 - (9 ms)
[07/Nov/2018:17:03:00 +0800] 0:0:0:0:0:0:0:1 "GET /test1 HTTP/1.1" 200 - (19 ms)
[07/Nov/2018:17:03:00 +0800] 0:0:0:0:0:0:0:1 "GET /favicon.ico HTTP/1.1" 200 - (5 ms)
[07/Nov/2018:17:03:01 +0800] 0:0:0:0:0:0:0:1 "GET /test1 HTTP/1.1" 200 - (18 ms)
[07/Nov/2018:17:03:01 +0800] 0:0:0:0:0:0:0:1 "GET /favicon.ico HTTP/1.1" 200 - (5 ms)
[07/Nov/2018:17:03:03 +0800] 0:0:0:0:0:0:0:1 "GET /test1 HTTP/1.1" 200 - (15 ms)
[07/Nov/2018:17:03:03 +0800] 0:0:0:0:0:0:0:1 "GET /favicon.ico HTTP/1.1" 200 - (3 ms)
[07/Nov/2018:17:03:03 +0800] 0:0:0:0:0:0:0:1 "GET /test1 HTTP/1.1" 200 - (18 ms)
[07/Nov/2018:17:03:03 +0800] 0:0:0:0:0:0:0:1 "GET /favicon.ico HTTP/1.1" 200 - (4 ms)
[07/Nov/2018:17:03:04 +0800] 0:0:0:0:0:0:0:1 "GET /test1 HTTP/1.1" 200 - (17 ms)
[07/Nov/2018:17:03:04 +0800] 0:0:0:0:0:0:0:1 "GET /favicon.ico HTTP/1.1" 200 - (5 ms)
[07/Nov/2018:17:03:04 +0800] 0:0:0:0:0:0:0:1 "GET /test1 HTTP/1.1" 200 - (15 ms)
[07/Nov/2018:17:03:04 +0800] 0:0:0:0:0:0:0:1 "GET /favicon.ico HTTP/1.1" 200 - (4 ms)
[07/Nov/2018:17:04:35 +0800] 0:0:0:0:0:0:0:1 "GET /test1 HTTP/1.1" 200 - (88 ms)
[07/Nov/2018:17:04:35 +0800] 0:0:0:0:0:0:0:1 "GET /favicon.ico HTTP/1.1" 200 - (5 ms)
[07/Nov/2018:17:04:35 +0800] 0:0:0:0:0:0:0:1 "GET /test1 HTTP/1.1" 200 - (17 ms)
[07/Nov/2018:17:04:36 +0800] 0:0:0:0:0:0:0:1 "GET /favicon.ico HTTP/1.1" 200 - (6 ms)
[07/Nov/2018:17:04:36 +0800] 0:0:0:0:0:0:0:1 "GET /test1 HTTP/1.1" 200 - (16 ms)
[07/Nov/2018:17:04:36 +0800] 0:0:0:0:0:0:0:1 "GET /favicon.ico HTTP/1.1" 200 - (6 ms)
[07/Nov/2018:17:04:36 +0800] 0:0:0:0:0:0:0:1 "GET /test1 HTTP/1.1" 200 - (14 ms)
[07/Nov/2018:17:04:36 +0800] 0:0:0:0:0:0:0:1 "GET /favicon.ico HTTP/1.1" 200 - (7 ms)
[07/Nov/2018:17:04:36 +0800] 0:0:0:0:0:0:0:1 "GET /test1 HTTP/1.1" 200 - (17 ms)
[07/Nov/2018:17:04:36 +0800] 0:0:0:0:0:0:0:1 "GET /favicon.ico HTTP/1.1" 200 - (4 ms)
[07/Nov/2018:17:04:36 +0800] 0:0:0:0:0:0:0:1 "GET /test1 HTTP/1.1" 200 - (18 ms)
[07/Nov/2018:17:04:36 +0800] 0:0:0:0:0:0:0:1 "GET /favicon.ico HTTP/1.1" 200 - (5 ms)
[07/Nov/2018:17:04:36 +0800] 0:0:0:0:0:0:0:1 "GET /test1 HTTP/1.1" 200 - (18 ms)
[07/Nov/2018:17:04:36 +0800] 0:0:0:0:0:0:0:1 "GET /favicon.ico HTTP/1.1" 200 - (7 ms)
[07/Nov/2018:17:04:37 +0800] 0:0:0:0:0:0:0:1 "GET /test1 HTTP/1.1" 200 - (21 ms)
[07/Nov/2018:17:04:37 +0800] 0:0:0:0:0:0:0:1 "GET /favicon.ico HTTP/1.1" 200 - (7 ms)
[07/Nov/2018:17:04:37 +0800] 0:0:0:0:0:0:0:1 "GET /test1 HTTP/1.1" 200 - (16 ms)
[07/Nov/2018:17:04:37 +0800] 0:0:0:0:0:0:0:1 "GET /favicon.ico HTTP/1.1" 200 - (4 ms)
[07/Nov/2018:17:04:37 +0800] 0:0:0:0:0:0:0:1 "GET /test1 HTTP/1.1" 200 - (14 ms)
[07/Nov/2018:17:04:37 +0800] 0:0:0:0:0:0:0:1 "GET /favicon.ico HTTP/1.1" 200 - (6 ms)
[07/Nov/2018:17:05:23 +0800] 0:0:0:0:0:0:0:1 "GET /test1 HTTP/1.1" 200 - (104 ms)
[07/Nov/2018:17:05:23 +0800] 0:0:0:0:0:0:0:1 "GET /favicon.ico HTTP/1.1" 200 - (10 ms)
[07/Nov/2018:17:05:23 +0800] 0:0:0:0:0:0:0:1 "GET /test1 HTTP/1.1" 200 - (20 ms)
[07/Nov/2018:17:05:23 +0800] 0:0:0:0:0:0:0:1 "GET /favicon.ico HTTP/1.1" 200 - (7 ms)
[07/Nov/2018:17:05:24 +0800] 0:0:0:0:0:0:0:1 "GET /test1 HTTP/1.1" 200 - (19 ms)
[07/Nov/2018:17:05:24 +0800] 0:0:0:0:0:0:0:1 "GET /favicon.ico HTTP/1.1" 200 - (5 ms)
[07/Nov/2018:17:05:24 +0800] 0:0:0:0:0:0:0:1 "GET /test1 HTTP/1.1" 200 - (18 ms)
[07/Nov/2018:17:05:24 +0800] 0:0:0:0:0:0:0:1 "GET /favicon.ico HTTP/1.1" 200 - (3 ms)
[07/Nov/2018:17:05:24 +0800] 0:0:0:0:0:0:0:1 "GET /test1 HTTP/1.1" 200 - (18 ms)
[07/Nov/2018:17:05:24 +0800] 0:0:0:0:0:0:0:1 "GET /favicon.ico HTTP/1.1" 200 - (4 ms)
[07/Nov/2018:17:05:24 +0800] 0:0:0:0:0:0:0:1 "GET /test1 HTTP/1.1" 200 - (21 ms)
[07/Nov/2018:17:05:24 +0800] 0:0:0:0:0:0:0:1 "GET /favicon.ico HTTP/1.1" 200 - (5 ms)
[07/Nov/2018:17:05:35 +0800] 0:0:0:0:0:0:0:1 "GET /test1 HTTP/1.1" 200 - (159 ms)
[07/Nov/2018:17:05:35 +0800] 0:0:0:0:0:0:0:1 "GET /favicon.ico HTTP/1.1" 200 - (3 ms)
[07/Nov/2018:17:05:36 +0800] 0:0:0:0:0:0:0:1 "GET /test1 HTTP/1.1" 200 - (82 ms)
[07/Nov/2018:17:05:36 +0800] 0:0:0:0:0:0:0:1 "GET /favicon.ico HTTP/1.1" 200 - (6 ms)
[07/Nov/2018:17:05:36 +0800] 0:0:0:0:0:0:0:1 "GET /test1 HTTP/1.1" 200 - (14 ms)
[07/Nov/2018:17:05:36 +0800] 0:0:0:0:0:0:0:1 "GET /favicon.ico HTTP/1.1" 200 - (3 ms)
[07/Nov/2018:17:05:36 +0800] 0:0:0:0:0:0:0:1 "GET /test1 HTTP/1.1" 200 - (15 ms)
[07/Nov/2018:17:05:36 +0800] 0:0:0:0:0:0:0:1 "GET /favicon.ico HTTP/1.1" 200 - (5 ms)
[07/Nov/2018:17:05:36 +0800] 0:0:0:0:0:0:0:1 "GET /test1 HTTP/1.1" 200 - (10 ms)
[07/Nov/2018:17:05:36 +0800] 0:0:0:0:0:0:0:1 "GET /favicon.ico HTTP/1.1" 200 - (5 ms)
[07/Nov/2018:17:05:36 +0800] 0:0:0:0:0:0:0:1 "GET /test1 HTTP/1.1" 200 - (15 ms)
[07/Nov/2018:17:05:36 +0800] 0:0:0:0:0:0:0:1 "GET /favicon.ico HTTP/1.1" 200 - (3 ms)
[07/Nov/2018:17:05:37 +0800] 0:0:0:0:0:0:0:1 "GET /test1 HTTP/1.1" 200 - (14 ms)
[07/Nov/2018:17:05:37 +0800] 0:0:0:0:0:0:0:1 "GET /favicon.ico HTTP/1.1" 200 - (5 ms)
[07/Nov/2018:17:05:37 +0800] 0:0:0:0:0:0:0:1 "GET /test1 HTTP/1.1" 200 - (14 ms)
[07/Nov/2018:17:05:37 +0800] 0:0:0:0:0:0:0:1 "GET /favicon.ico HTTP/1.1" 200 - (5 ms)
[07/Nov/2018:17:05:37 +0800] 0:0:0:0:0:0:0:1 "GET /test1 HTTP/1.1" 200 - (9 ms)
[07/Nov/2018:17:05:37 +0800] 0:0:0:0:0:0:0:1 "GET /favicon.ico HTTP/1.1" 200 - (7 ms)
[07/Nov/2018:17:05:37 +0800] 0:0:0:0:0:0:0:1 "GET /test1 HTTP/1.1" 200 - (17 ms)
[07/Nov/2018:17:05:37 +0800] 0:0:0:0:0:0:0:1 "GET /favicon.ico HTTP/1.1" 200 - (5 ms)
[07/Nov/2018:17:05:37 +0800] 0:0:0:0:0:0:0:1 "GET /test1 HTTP/1.1" 200 - (14 ms)
[07/Nov/2018:17:05:37 +0800] 0:0:0:0:0:0:0:1 "GET /favicon.ico HTTP/1.1" 200 - (7 ms)
[07/Nov/2018:17:05:37 +0800] 0:0:0:0:0:0:0:1 "GET /test1 HTTP/1.1" 200 - (12 ms)
[07/Nov/2018:17:05:38 +0800] 0:0:0:0:0:0:0:1 "GET /favicon.ico HTTP/1.1" 200 - (5 ms)
[07/Nov/2018:17:05:38 +0800] 0:0:0:0:0:0:0:1 "GET /test1 HTTP/1.1" 200 - (10 ms)
[07/Nov/2018:17:05:38 +0800] 0:0:0:0:0:0:0:1 "GET /favicon.ico HTTP/1.1" 200 - (3 ms)
[07/Nov/2018:17:05:38 +0800] 0:0:0:0:0:0:0:1 "GET /test1 HTTP/1.1" 200 - (16 ms)
[07/Nov/2018:17:05:38 +0800] 0:0:0:0:0:0:0:1 "GET /favicon.ico HTTP/1.1" 200 - (5 ms)
[07/Nov/2018:17:05:39 +0800] 0:0:0:0:0:0:0:1 "GET /test1 HTTP/1.1" 200 - (10 ms)
[07/Nov/2018:17:05:39 +0800] 0:0:0:0:0:0:0:1 "GET /favicon.ico HTTP/1.1" 200 - (4 ms)
[07/Nov/2018:17:05:39 +0800] 0:0:0:0:0:0:0:1 "GET /test1 HTTP/1.1" 200 - (13 ms)
[07/Nov/2018:17:05:39 +0800] 0:0:0:0:0:0:0:1 "GET /favicon.ico HTTP/1.1" 200 - (6 ms)
[07/Nov/2018:17:05:40 +0800] 0:0:0:0:0:0:0:1 "GET /test1 HTTP/1.1" 200 - (8 ms)
[07/Nov/2018:17:05:40 +0800] 0:0:0:0:0:0:0:1 "GET /favicon.ico HTTP/1.1" 200 - (6 ms)
[07/Nov/2018:17:05:40 +0800] 0:0:0:0:0:0:0:1 "GET /test1 HTTP/1.1" 200 - (21 ms)
[07/Nov/2018:17:05:40 +0800] 0:0:0:0:0:0:0:1 "GET /favicon.ico HTTP/1.1" 200 - (4 ms)
[07/Nov/2018:17:05:41 +0800] 0:0:0:0:0:0:0:1 "GET /test1 HTTP/1.1" 200 - (12 ms)
[07/Nov/2018:17:05:41 +0800] 0:0:0:0:0:0:0:1 "GET /favicon.ico HTTP/1.1" 200 - (6 ms)
[07/Nov/2018:17:05:41 +0800] 0:0:0:0:0:0:0:1 "GET /test1 HTTP/1.1" 200 - (75 ms)
[07/Nov/2018:17:05:41 +0800] 0:0:0:0:0:0:0:1 "GET /favicon.ico HTTP/1.1" 200 - (9 ms)
[07/Nov/2018:17:05:42 +0800] 0:0:0:0:0:0:0:1 "GET /test1 HTTP/1.1" 200 - (8 ms)
[07/Nov/2018:17:05:42 +0800] 0:0:0:0:0:0:0:1 "GET /favicon.ico HTTP/1.1" 200 - (7 ms)
[07/Nov/2018:17:05:42 +0800] 0:0:0:0:0:0:0:1 "GET /test1 HTTP/1.1" 200 - (21 ms)
[07/Nov/2018:17:05:42 +0800] 0:0:0:0:0:0:0:1 "GET /favicon.ico HTTP/1.1" 200 - (5 ms)
[07/Nov/2018:17:05:42 +0800] 0:0:0:0:0:0:0:1 "GET /test1 HTTP/1.1" 200 - (8 ms)
[07/Nov/2018:17:05:42 +0800] 0:0:0:0:0:0:0:1 "GET /favicon.ico HTTP/1.1" 200 - (5 ms)
[07/Nov/2018:17:05:43 +0800] 0:0:0:0:0:0:0:1 "GET /test1 HTTP/1.1" 200 - (24 ms)
[07/Nov/2018:17:05:43 +0800] 0:0:0:0:0:0:0:1 "GET /favicon.ico HTTP/1.1" 200 - (5 ms)
[07/Nov/2018:17:05:43 +0800] 0:0:0:0:0:0:0:1 "GET /test1 HTTP/1.1" 200 - (7 ms)
[07/Nov/2018:17:05:43 +0800] 0:0:0:0:0:0:0:1 "GET /favicon.ico HTTP/1.1" 200 - (8 ms)
[07/Nov/2018:17:05:43 +0800] 0:0:0:0:0:0:0:1 "GET /test1 HTTP/1.1" 200 - (13 ms)
[07/Nov/2018:17:05:43 +0800] 0:0:0:0:0:0:0:1 "GET /favicon.ico HTTP/1.1" 200 - (3 ms)
[07/Nov/2018:17:05:44 +0800] 0:0:0:0:0:0:0:1 "GET /test1 HTTP/1.1" 200 - (14 ms)
[07/Nov/2018:17:05:44 +0800] 0:0:0:0:0:0:0:1 "GET /favicon.ico HTTP/1.1" 200 - (9 ms)
[07/Nov/2018:17:05:44 +0800] 0:0:0:0:0:0:0:1 "GET /test1 HTTP/1.1" 200 - (14 ms)
[07/Nov/2018:17:05:44 +0800] 0:0:0:0:0:0:0:1 "GET /favicon.ico HTTP/1.1" 200 - (5 ms)
[07/Nov/2018:17:05:44 +0800] 0:0:0:0:0:0:0:1 "GET /test1 HTTP/1.1" 200 - (9 ms)
[07/Nov/2018:17:05:44 +0800] 0:0:0:0:0:0:0:1 "GET /favicon.ico HTTP/1.1" 200 - (6 ms)
[07/Nov/2018:17:05:44 +0800] 0:0:0:0:0:0:0:1 "GET /test1 HTTP/1.1" 200 - (20 ms)
[07/Nov/2018:17:05:44 +0800] 0:0:0:0:0:0:0:1 "GET /favicon.ico HTTP/1.1" 200 - (3 ms)
[07/Nov/2018:17:05:44 +0800] 0:0:0:0:0:0:0:1 "GET /test1 HTTP/1.1" 200 - (9 ms)
[07/Nov/2018:17:05:44 +0800] 0:0:0:0:0:0:0:1 "GET /favicon.ico HTTP/1.1" 200 - (5 ms)
[07/Nov/2018:17:05:45 +0800] 0:0:0:0:0:0:0:1 "GET /test1 HTTP/1.1" 200 - (23 ms)
[07/Nov/2018:17:05:45 +0800] 0:0:0:0:0:0:0:1 "GET /favicon.ico HTTP/1.1" 200 - (4 ms)
[07/Nov/2018:17:05:45 +0800] 0:0:0:0:0:0:0:1 "GET /test1 HTTP/1.1" 200 - (11 ms)
[07/Nov/2018:17:05:45 +0800] 0:0:0:0:0:0:0:1 "GET /favicon.ico HTTP/1.1" 200 - (5 ms)
[07/Nov/2018:17:05:45 +0800] 0:0:0:0:0:0:0:1 "GET /test1 HTTP/1.1" 200 - (20 ms)
[07/Nov/2018:17:05:45 +0800] 0:0:0:0:0:0:0:1 "GET /favicon.ico HTTP/1.1" 200 - (4 ms)
[07/Nov/2018:17:05:45 +0800] 0:0:0:0:0:0:0:1 "GET /test1 HTTP/1.1" 200 - (9 ms)
[07/Nov/2018:17:05:45 +0800] 0:0:0:0:0:0:0:1 "GET /favicon.ico HTTP/1.1" 200 - (3 ms)
[07/Nov/2018:17:05:45 +0800] 0:0:0:0:0:0:0:1 "GET /test1 HTTP/1.1" 200 - (12 ms)
[07/Nov/2018:17:05:45 +0800] 0:0:0:0:0:0:0:1 "GET /favicon.ico HTTP/1.1" 200 - (5 ms)
[07/Nov/2018:17:05:46 +0800] 0:0:0:0:0:0:0:1 "GET /test1 HTTP/1.1" 200 - (9 ms)
[07/Nov/2018:17:05:46 +0800] 0:0:0:0:0:0:0:1 "GET /favicon.ico HTTP/1.1" 200 - (2 ms)
[07/Nov/2018:17:10:18 +0800] 0:0:0:0:0:0:0:1 "GET /test1 HTTP/1.1" 200 - (295 ms)
[07/Nov/2018:17:10:18 +0800] 0:0:0:0:0:0:0:1 "GET /favicon.ico HTTP/1.1" 200 - (35 ms)
[07/Nov/2018:17:10:22 +0800] 0:0:0:0:0:0:0:1 "GET /test1 HTTP/1.1" 200 - (1018 ms)
[07/Nov/2018:17:10:23 +0800] 0:0:0:0:0:0:0:1 "GET /favicon.ico HTTP/1.1" 200 - (4 ms)
[07/Nov/2018:17:10:31 +0800] 0:0:0:0:0:0:0:1 "GET /test1 HTTP/1.1" 200 - (94 ms)
[07/Nov/2018:17:10:31 +0800] 0:0:0:0:0:0:0:1 "GET /favicon.ico HTTP/1.1" 200 - (11 ms)
[07/Nov/2018:17:10:33 +0800] 0:0:0:0:0:0:0:1 "GET /test1 HTTP/1.1" 200 - (1014 ms)
[07/Nov/2018:17:10:33 +0800] 0:0:0:0:0:0:0:1 "GET /favicon.ico HTTP/1.1" 200 - (6 ms)
[07/Nov/2018:17:10:37 +0800] 0:0:0:0:0:0:0:1 "GET /test2 HTTP/1.1" 200 - (1759 ms)
[07/Nov/2018:17:11:11 +0800] 0:0:0:0:0:0:0:1 "GET /test2 HTTP/1.1" 200 - (1012 ms)
[07/Nov/2018:17:11:11 +0800] 0:0:0:0:0:0:0:1 "GET /favicon.ico HTTP/1.1" 200 - (10 ms)
[07/Nov/2018:17:11:12 +0800] 0:0:0:0:0:0:0:1 "GET /test2 HTTP/1.1" 200 - (1008 ms)
[07/Nov/2018:17:12:57 +0800] 0:0:0:0:0:0:0:1 "GET /test2 HTTP/1.1" 200 - (201 ms)
[07/Nov/2018:17:12:57 +0800] 0:0:0:0:0:0:0:1 "GET /favicon.ico HTTP/1.1" 200 - (9 ms)
[07/Nov/2018:17:12:59 +0800] 0:0:0:0:0:0:0:1 "GET /test2 HTTP/1.1" 200 - (21 ms)
[07/Nov/2018:17:12:59 +0800] 0:0:0:0:0:0:0:1 "GET /favicon.ico HTTP/1.1" 200 - (10 ms)
[07/Nov/2018:17:13:05 +0800] 0:0:0:0:0:0:0:1 "GET /test2 HTTP/1.1" 200 - (19 ms)
[07/Nov/2018:17:13:05 +0800] 0:0:0:0:0:0:0:1 "GET /favicon.ico HTTP/1.1" 200 - (5 ms)
[07/Nov/2018:17:13:05 +0800] 0:0:0:0:0:0:0:1 "GET /test2 HTTP/1.1" 200 - (17 ms)
[07/Nov/2018:17:13:05 +0800] 0:0:0:0:0:0:0:1 "GET /favicon.ico HTTP/1.1" 200 - (9 ms)
[07/Nov/2018:17:13:06 +0800] 0:0:0:0:0:0:0:1 "GET /test2 HTTP/1.1" 200 - (15 ms)
[07/Nov/2018:17:13:06 +0800] 0:0:0:0:0:0:0:1 "GET /favicon.ico HTTP/1.1" 200 - (6 ms)
[07/Nov/2018:17:13:06 +0800] 0:0:0:0:0:0:0:1 "GET /test2 HTTP/1.1" 200 - (18 ms)
[07/Nov/2018:17:13:06 +0800] 0:0:0:0:0:0:0:1 "GET /favicon.ico HTTP/1.1" 200 - (4 ms)
[07/Nov/2018:17:13:06 +0800] 0:0:0:0:0:0:0:1 "GET /test2 HTTP/1.1" 200 - (11 ms)
[07/Nov/2018:17:13:06 +0800] 0:0:0:0:0:0:0:1 "GET /favicon.ico HTTP/1.1" 200 - (7 ms)
[07/Nov/2018:17:13:06 +0800] 0:0:0:0:0:0:0:1 "GET /test2 HTTP/1.1" 200 - (16 ms)
[07/Nov/2018:17:13:06 +0800] 0:0:0:0:0:0:0:1 "GET /favicon.ico HTTP/1.1" 200 - (5 ms)
[07/Nov/2018:17:13:07 +0800] 0:0:0:0:0:0:0:1 "GET /test2 HTTP/1.1" 200 - (16 ms)
[07/Nov/2018:17:13:07 +0800] 0:0:0:0:0:0:0:1 "GET /favicon.ico HTTP/1.1" 200 - (5 ms)
[07/Nov/2018:17:13:07 +0800] 0:0:0:0:0:0:0:1 "GET /test2 HTTP/1.1" 200 - (14 ms)
[07/Nov/2018:17:13:07 +0800] 0:0:0:0:0:0:0:1 "GET /favicon.ico HTTP/1.1" 200 - (4 ms)
[07/Nov/2018:17:13:07 +0800] 0:0:0:0:0:0:0:1 "GET /test2 HTTP/1.1" 200 - (12 ms)
[07/Nov/2018:17:13:07 +0800] 0:0:0:0:0:0:0:1 "GET /favicon.ico HTTP/1.1" 200 - (5 ms)
[07/Nov/2018:17:13:07 +0800] 0:0:0:0:0:0:0:1 "GET /test2 HTTP/1.1" 200 - (10 ms)
[07/Nov/2018:17:13:07 +0800] 0:0:0:0:0:0:0:1 "GET /favicon.ico HTTP/1.1" 200 - (8 ms)
[07/Nov/2018:17:13:07 +0800] 0:0:0:0:0:0:0:1 "GET /test2 HTTP/1.1" 200 - (15 ms)
[07/Nov/2018:17:13:08 +0800] 0:0:0:0:0:0:0:1 "GET /test2 HTTP/1.1" 200 - (12 ms)
[07/Nov/2018:17:13:08 +0800] 0:0:0:0:0:0:0:1 "GET /test2 HTTP/1.1" 200 - (14 ms)
[07/Nov/2018:17:13:08 +0800] 0:0:0:0:0:0:0:1 "GET /test2 HTTP/1.1" 200 - (11 ms)
[07/Nov/2018:17:13:08 +0800] 0:0:0:0:0:0:0:1 "GET /test2 HTTP/1.1" 200 - (9 ms)
[07/Nov/2018:17:13:08 +0800] 0:0:0:0:0:0:0:1 "GET /favicon.ico HTTP/1.1" 200 - (5 ms)
[07/Nov/2018:17:13:08 +0800] 0:0:0:0:0:0:0:1 "GET /test2 HTTP/1.1" 200 - (12 ms)
[07/Nov/2018:17:13:08 +0800] 0:0:0:0:0:0:0:1 "GET /test2 HTTP/1.1" 200 - (13 ms)
[07/Nov/2018:17:13:08 +0800] 0:0:0:0:0:0:0:1 "GET /test2 HTTP/1.1" 200 - (15 ms)
[07/Nov/2018:17:13:08 +0800] 0:0:0:0:0:0:0:1 "GET /test2 HTTP/1.1" 200 - (11 ms)
[07/Nov/2018:17:13:08 +0800] 0:0:0:0:0:0:0:1 "GET /favicon.ico HTTP/1.1" 200 - (5 ms)
[07/Nov/2018:17:13:08 +0800] 0:0:0:0:0:0:0:1 "GET /test2 HTTP/1.1" 200 - (12 ms)
[07/Nov/2018:17:13:08 +0800] 0:0:0:0:0:0:0:1 "GET /test2 HTTP/1.1" 200 - (13 ms)
[07/Nov/2018:17:13:08 +0800] 0:0:0:0:0:0:0:1 "GET /test2 HTTP/1.1" 200 - (19 ms)
[07/Nov/2018:17:13:08 +0800] 0:0:0:0:0:0:0:1 "GET /favicon.ico HTTP/1.1" 200 - (10 ms)
[07/Nov/2018:17:13:08 +0800] 0:0:0:0:0:0:0:1 "GET /test2 HTTP/1.1" 200 - (10 ms)
[07/Nov/2018:17:13:08 +0800] 0:0:0:0:0:0:0:1 "GET /favicon.ico HTTP/1.1" 200 - (5 ms)
[07/Nov/2018:17:13:08 +0800] 0:0:0:0:0:0:0:1 "GET /test2 HTTP/1.1" 200 - (12 ms)
[07/Nov/2018:17:13:08 +0800] 0:0:0:0:0:0:0:1 "GET /favicon.ico HTTP/1.1" 200 - (6 ms)
[07/Nov/2018:17:13:08 +0800] 0:0:0:0:0:0:0:1 "GET /test2 HTTP/1.1" 200 - (10 ms)
[07/Nov/2018:17:13:08 +0800] 0:0:0:0:0:0:0:1 "GET /favicon.ico HTTP/1.1" 200 - (4 ms)
[07/Nov/2018:17:13:09 +0800] 0:0:0:0:0:0:0:1 "GET /test2 HTTP/1.1" 200 - (9 ms)
[07/Nov/2018:17:13:09 +0800] 0:0:0:0:0:0:0:1 "GET /favicon.ico HTTP/1.1" 200 - (15 ms)
[07/Nov/2018:17:13:09 +0800] 0:0:0:0:0:0:0:1 "GET /test2 HTTP/1.1" 200 - (13 ms)
[07/Nov/2018:17:13:09 +0800] 0:0:0:0:0:0:0:1 "GET /favicon.ico HTTP/1.1" 200 - (5 ms)
[07/Nov/2018:17:13:09 +0800] 0:0:0:0:0:0:0:1 "GET /test2 HTTP/1.1" 200 - (20 ms)
[07/Nov/2018:17:13:22 +0800] 0:0:0:0:0:0:0:1 "GET /test2 HTTP/1.1" 200 - (12 ms)
[07/Nov/2018:17:13:22 +0800] 0:0:0:0:0:0:0:1 "GET /favicon.ico HTTP/1.1" 200 - (9 ms)
[07/Nov/2018:17:13:22 +0800] 0:0:0:0:0:0:0:1 "GET /test2 HTTP/1.1" 200 - (11 ms)
[07/Nov/2018:17:13:22 +0800] 0:0:0:0:0:0:0:1 "GET /favicon.ico HTTP/1.1" 200 - (6 ms)
[07/Nov/2018:17:13:23 +0800] 0:0:0:0:0:0:0:1 "GET /test2 HTTP/1.1" 200 - (9 ms)
[07/Nov/2018:17:13:23 +0800] 0:0:0:0:0:0:0:1 "GET /favicon.ico HTTP/1.1" 200 - (7 ms)
[07/Nov/2018:17:13:23 +0800] 0:0:0:0:0:0:0:1 "GET /test2 HTTP/1.1" 200 - (12 ms)
[07/Nov/2018:17:13:23 +0800] 0:0:0:0:0:0:0:1 "GET /favicon.ico HTTP/1.1" 200 - (4 ms)
[07/Nov/2018:17:13:23 +0800] 0:0:0:0:0:0:0:1 "GET /test2 HTTP/1.1" 200 - (9 ms)
[07/Nov/2018:17:13:23 +0800] 0:0:0:0:0:0:0:1 "GET /favicon.ico HTTP/1.1" 200 - (3 ms)
[07/Nov/2018:17:13:24 +0800] 0:0:0:0:0:0:0:1 "GET /test2 HTTP/1.1" 200 - (9 ms)
[07/Nov/2018:17:13:24 +0800] 0:0:0:0:0:0:0:1 "GET /favicon.ico HTTP/1.1" 200 - (4 ms)
[07/Nov/2018:17:13:24 +0800] 0:0:0:0:0:0:0:1 "GET /test2 HTTP/1.1" 200 - (13 ms)
[07/Nov/2018:17:13:24 +0800] 0:0:0:0:0:0:0:1 "GET /test2 HTTP/1.1" 200 - (11 ms)
[07/Nov/2018:17:13:24 +0800] 0:0:0:0:0:0:0:1 "GET /test2 HTTP/1.1" 200 - (7 ms)
[07/Nov/2018:17:13:24 +0800] 0:0:0:0:0:0:0:1 "GET /test2 HTTP/1.1" 200 - (10 ms)
[07/Nov/2018:17:13:24 +0800] 0:0:0:0:0:0:0:1 "GET /favicon.ico HTTP/1.1" 200 - (4 ms)
[07/Nov/2018:17:13:24 +0800] 0:0:0:0:0:0:0:1 "GET /test2 HTTP/1.1" 200 - (12 ms)
[07/Nov/2018:17:13:24 +0800] 0:0:0:0:0:0:0:1 "GET /test2 HTTP/1.1" 200 - (13 ms)
[07/Nov/2018:17:13:24 +0800] 0:0:0:0:0:0:0:1 "GET /test2 HTTP/1.1" 200 - (14 ms)
[07/Nov/2018:17:13:24 +0800] 0:0:0:0:0:0:0:1 "GET /test2 HTTP/1.1" 200 - (15 ms)
[07/Nov/2018:17:13:24 +0800] 0:0:0:0:0:0:0:1 "GET /test2 HTTP/1.1" 200 - (14 ms)
[07/Nov/2018:17:13:24 +0800] 0:0:0:0:0:0:0:1 "GET /test2 HTTP/1.1" 200 - (14 ms)
[07/Nov/2018:17:13:24 +0800] 0:0:0:0:0:0:0:1 "GET /test2 HTTP/1.1" 200 - (20 ms)
[07/Nov/2018:17:13:24 +0800] 0:0:0:0:0:0:0:1 "GET /test2 HTTP/1.1" 200 - (21 ms)
[07/Nov/2018:17:13:24 +0800] 0:0:0:0:0:0:0:1 "GET /test2 HTTP/1.1" 200 - (13 ms)
[07/Nov/2018:17:13:24 +0800] 0:0:0:0:0:0:0:1 "GET /test2 HTTP/1.1" 200 - (10 ms)
[07/Nov/2018:17:13:24 +0800] 0:0:0:0:0:0:0:1 "GET /test2 HTTP/1.1" 200 - (8 ms)
[07/Nov/2018:17:13:24 +0800] 0:0:0:0:0:0:0:1 "GET /favicon.ico HTTP/1.1" 200 - (8 ms)
[07/Nov/2018:17:13:24 +0800] 0:0:0:0:0:0:0:1 "GET /test2 HTTP/1.1" 200 - (18 ms)
[07/Nov/2018:17:13:24 +0800] 0:0:0:0:0:0:0:1 "GET /test2 HTTP/1.1" 200 - (9 ms)
[07/Nov/2018:17:13:24 +0800] 0:0:0:0:0:0:0:1 "GET /test2 HTTP/1.1" 200 - (12 ms)
[07/Nov/2018:17:13:24 +0800] 0:0:0:0:0:0:0:1 "GET /test2 HTTP/1.1" 200 - (9 ms)
[07/Nov/2018:17:13:24 +0800] 0:0:0:0:0:0:0:1 "GET /test2 HTTP/1.1" 200 - (8 ms)
[07/Nov/2018:17:13:24 +0800] 0:0:0:0:0:0:0:1 "GET /favicon.ico HTTP/1.1" 200 - (9 ms)
[07/Nov/2018:17:13:24 +0800] 0:0:0:0:0:0:0:1 "GET /test2 HTTP/1.1" 200 - (15 ms)
[07/Nov/2018:17:13:24 +0800] 0:0:0:0:0:0:0:1 "GET /test2 HTTP/1.1" 200 - (17 ms)
[07/Nov/2018:17:13:25 +0800] 0:0:0:0:0:0:0:1 "GET /test2 HTTP/1.1" 200 - (30 ms)
[07/Nov/2018:17:13:25 +0800] 0:0:0:0:0:0:0:1 "GET /test2 HTTP/1.1" 200 - (16 ms)
[07/Nov/2018:17:13:25 +0800] 0:0:0:0:0:0:0:1 "GET /test2 HTTP/1.1" 200 - (11 ms)
[07/Nov/2018:17:13:25 +0800] 0:0:0:0:0:0:0:1 "GET /favicon.ico HTTP/1.1" 200 - (4 ms)
[07/Nov/2018:17:13:25 +0800] 0:0:0:0:0:0:0:1 "GET /test2 HTTP/1.1" 200 - (12 ms)
[07/Nov/2018:17:13:25 +0800] 0:0:0:0:0:0:0:1 "GET /test2 HTTP/1.1" 200 - (13 ms)
[07/Nov/2018:17:13:25 +0800] 0:0:0:0:0:0:0:1 "GET /favicon.ico HTTP/1.1" 200 - (4 ms)
[07/Nov/2018:17:13:25 +0800] 0:0:0:0:0:0:0:1 "GET /test2 HTTP/1.1" 200 - (10 ms)
[07/Nov/2018:17:13:25 +0800] 0:0:0:0:0:0:0:1 "GET /favicon.ico HTTP/1.1" 200 - (12 ms)
[07/Nov/2018:17:13:25 +0800] 0:0:0:0:0:0:0:1 "GET /test2 HTTP/1.1" 200 - (8 ms)
[07/Nov/2018:17:13:25 +0800] 0:0:0:0:0:0:0:1 "GET /favicon.ico HTTP/1.1" 200 - (4 ms)
[07/Nov/2018:17:13:25 +0800] 0:0:0:0:0:0:0:1 "GET /test2 HTTP/1.1" 200 - (7 ms)
[07/Nov/2018:17:13:25 +0800] 0:0:0:0:0:0:0:1 "GET /favicon.ico HTTP/1.1" 200 - (3 ms)
[07/Nov/2018:17:13:26 +0800] 0:0:0:0:0:0:0:1 "GET /test2 HTTP/1.1" 200 - (8 ms)
[07/Nov/2018:17:13:26 +0800] 0:0:0:0:0:0:0:1 "GET /favicon.ico HTTP/1.1" 200 - (7 ms)
[07/Nov/2018:17:13:26 +0800] 0:0:0:0:0:0:0:1 "GET /test2 HTTP/1.1" 200 - (8 ms)
[07/Nov/2018:17:13:26 +0800] 0:0:0:0:0:0:0:1 "GET /favicon.ico HTTP/1.1" 200 - (11 ms)
[07/Nov/2018:17:13:26 +0800] 0:0:0:0:0:0:0:1 "GET /test2 HTTP/1.1" 200 - (10 ms)
[07/Nov/2018:17:13:26 +0800] 0:0:0:0:0:0:0:1 "GET /favicon.ico HTTP/1.1" 200 - (10 ms)
[07/Nov/2018:17:13:26 +0800] 0:0:0:0:0:0:0:1 "GET /test2 HTTP/1.1" 200 - (8 ms)
[07/Nov/2018:17:13:26 +0800] 0:0:0:0:0:0:0:1 "GET /favicon.ico HTTP/1.1" 200 - (6 ms)
[07/Nov/2018:17:13:26 +0800] 0:0:0:0:0:0:0:1 "GET /test2 HTTP/1.1" 200 - (9 ms)
[07/Nov/2018:17:13:26 +0800] 0:0:0:0:0:0:0:1 "GET /favicon.ico HTTP/1.1" 200 - (11 ms)
[07/Nov/2018:17:13:27 +0800] 0:0:0:0:0:0:0:1 "GET /test2 HTTP/1.1" 200 - (9 ms)
[07/Nov/2018:17:13:27 +0800] 0:0:0:0:0:0:0:1 "GET /favicon.ico HTTP/1.1" 200 - (6 ms)
[07/Nov/2018:17:13:27 +0800] 0:0:0:0:0:0:0:1 "GET /test2 HTTP/1.1" 200 - (14 ms)
[07/Nov/2018:17:13:27 +0800] 0:0:0:0:0:0:0:1 "GET /favicon.ico HTTP/1.1" 200 - (4 ms)
[07/Nov/2018:17:13:27 +0800] 0:0:0:0:0:0:0:1 "GET /test2 HTTP/1.1" 200 - (9 ms)
[07/Nov/2018:17:13:27 +0800] 0:0:0:0:0:0:0:1 "GET /favicon.ico HTTP/1.1" 200 - (12 ms)
[07/Nov/2018:17:13:27 +0800] 0:0:0:0:0:0:0:1 "GET /test2 HTTP/1.1" 200 - (7 ms)
[07/Nov/2018:17:13:27 +0800] 0:0:0:0:0:0:0:1 "GET /favicon.ico HTTP/1.1" 200 - (5 ms)
[07/Nov/2018:17:13:28 +0800] 0:0:0:0:0:0:0:1 "GET /test2 HTTP/1.1" 200 - (7 ms)
[07/Nov/2018:17:13:28 +0800] 0:0:0:0:0:0:0:1 "GET /favicon.ico HTTP/1.1" 200 - (4 ms)
[07/Nov/2018:17:13:28 +0800] 0:0:0:0:0:0:0:1 "GET /test2 HTTP/1.1" 200 - (8 ms)
[07/Nov/2018:17:13:28 +0800] 0:0:0:0:0:0:0:1 "GET /favicon.ico HTTP/1.1" 200 - (5 ms)
[07/Nov/2018:17:13:50 +0800] 0:0:0:0:0:0:0:1 "GET /test2 HTTP/1.1" 200 - (11 ms)
[07/Nov/2018:17:13:50 +0800] 0:0:0:0:0:0:0:1 "GET /favicon.ico HTTP/1.1" 200 - (5 ms)
[07/Nov/2018:17:13:51 +0800] 0:0:0:0:0:0:0:1 "GET /test2 HTTP/1.1" 200 - (10 ms)
[07/Nov/2018:17:13:51 +0800] 0:0:0:0:0:0:0:1 "GET /favicon.ico HTTP/1.1" 200 - (5 ms)
[07/Nov/2018:17:13:51 +0800] 0:0:0:0:0:0:0:1 "GET /test2 HTTP/1.1" 200 - (7 ms)
[07/Nov/2018:17:13:51 +0800] 0:0:0:0:0:0:0:1 "GET /favicon.ico HTTP/1.1" 200 - (5 ms)
[07/Nov/2018:17:13:51 +0800] 0:0:0:0:0:0:0:1 "GET /test2 HTTP/1.1" 200 - (10 ms)
[07/Nov/2018:17:13:51 +0800] 0:0:0:0:0:0:0:1 "GET /favicon.ico HTTP/1.1" 200 - (9 ms)
[07/Nov/2018:17:13:52 +0800] 0:0:0:0:0:0:0:1 "GET /test2 HTTP/1.1" 200 - (8 ms)
[07/Nov/2018:17:13:52 +0800] 0:0:0:0:0:0:0:1 "GET /favicon.ico HTTP/1.1" 200 - (5 ms)
[07/Nov/2018:17:13:52 +0800] 0:0:0:0:0:0:0:1 "GET /test2 HTTP/1.1" 200 - (7 ms)
[07/Nov/2018:17:13:52 +0800] 0:0:0:0:0:0:0:1 "GET /test2 HTTP/1.1" 200 - (13 ms)
[07/Nov/2018:17:13:52 +0800] 0:0:0:0:0:0:0:1 "GET /test2 HTTP/1.1" 200 - (11 ms)
[07/Nov/2018:17:13:52 +0800] 0:0:0:0:0:0:0:1 "GET /test2 HTTP/1.1" 200 - (15 ms)
[07/Nov/2018:17:13:52 +0800] 0:0:0:0:0:0:0:1 "GET /test2 HTTP/1.1" 200 - (9 ms)
[07/Nov/2018:17:13:52 +0800] 0:0:0:0:0:0:0:1 "GET /test2 HTTP/1.1" 200 - (10 ms)
[07/Nov/2018:17:13:52 +0800] 0:0:0:0:0:0:0:1 "GET /test2 HTTP/1.1" 200 - (9 ms)
[07/Nov/2018:17:13:52 +0800] 0:0:0:0:0:0:0:1 "GET /test2 HTTP/1.1" 200 - (7 ms)
[07/Nov/2018:17:13:52 +0800] 0:0:0:0:0:0:0:1 "GET /favicon.ico HTTP/1.1" 200 - (3 ms)
[07/Nov/2018:17:13:52 +0800] 0:0:0:0:0:0:0:1 "GET /test2 HTTP/1.1" 200 - (10 ms)
[07/Nov/2018:17:13:52 +0800] 0:0:0:0:0:0:0:1 "GET /test2 HTTP/1.1" 200 - (9 ms)
[07/Nov/2018:17:13:52 +0800] 0:0:0:0:0:0:0:1 "GET /test2 HTTP/1.1" 200 - (7 ms)
[07/Nov/2018:17:13:52 +0800] 0:0:0:0:0:0:0:1 "GET /favicon.ico HTTP/1.1" 200 - (3 ms)
[07/Nov/2018:17:13:52 +0800] 0:0:0:0:0:0:0:1 "GET /test2 HTTP/1.1" 200 - (11 ms)
[07/Nov/2018:17:13:52 +0800] 0:0:0:0:0:0:0:1 "GET /test2 HTTP/1.1" 200 - (10 ms)
[07/Nov/2018:17:13:52 +0800] 0:0:0:0:0:0:0:1 "GET /test2 HTTP/1.1" 200 - (16 ms)
[07/Nov/2018:17:13:52 +0800] 0:0:0:0:0:0:0:1 "GET /favicon.ico HTTP/1.1" 200 - (5 ms)
[07/Nov/2018:17:13:52 +0800] 0:0:0:0:0:0:0:1 "GET /test2 HTTP/1.1" 200 - (9 ms)
[07/Nov/2018:17:13:52 +0800] 0:0:0:0:0:0:0:1 "GET /test2 HTTP/1.1" 200 - (8 ms)
[07/Nov/2018:17:13:52 +0800] 0:0:0:0:0:0:0:1 "GET /test2 HTTP/1.1" 200 - (20 ms)
[07/Nov/2018:17:13:52 +0800] 0:0:0:0:0:0:0:1 "GET /test2 HTTP/1.1" 200 - (10 ms)
[07/Nov/2018:17:13:52 +0800] 0:0:0:0:0:0:0:1 "GET /test2 HTTP/1.1" 200 - (11 ms)
[07/Nov/2018:17:13:52 +0800] 0:0:0:0:0:0:0:1 "GET /test2 HTTP/1.1" 200 - (6 ms)
[07/Nov/2018:17:13:53 +0800] 0:0:0:0:0:0:0:1 "GET /favicon.ico HTTP/1.1" 200 - (4 ms)
[07/Nov/2018:17:13:53 +0800] 0:0:0:0:0:0:0:1 "GET /test2 HTTP/1.1" 200 - (8 ms)
[07/Nov/2018:17:13:53 +0800] 0:0:0:0:0:0:0:1 "GET /test2 HTTP/1.1" 200 - (9 ms)
[07/Nov/2018:17:13:53 +0800] 0:0:0:0:0:0:0:1 "GET /test2 HTTP/1.1" 200 - (8 ms)
[07/Nov/2018:17:13:53 +0800] 0:0:0:0:0:0:0:1 "GET /test2 HTTP/1.1" 200 - (11 ms)
[07/Nov/2018:17:13:53 +0800] 0:0:0:0:0:0:0:1 "GET /favicon.ico HTTP/1.1" 200 - (4 ms)
[07/Nov/2018:17:13:53 +0800] 0:0:0:0:0:0:0:1 "GET /test2 HTTP/1.1" 200 - (8 ms)
[07/Nov/2018:17:13:53 +0800] 0:0:0:0:0:0:0:1 "GET /favicon.ico HTTP/1.1" 200 - (5 ms)
[07/Nov/2018:17:13:53 +0800] 0:0:0:0:0:0:0:1 "GET /test2 HTTP/1.1" 200 - (7 ms)
[07/Nov/2018:17:13:53 +0800] 0:0:0:0:0:0:0:1 "GET /favicon.ico HTTP/1.1" 200 - (4 ms)
[07/Nov/2018:17:13:53 +0800] 0:0:0:0:0:0:0:1 "GET /test2 HTTP/1.1" 200 - (9 ms)
[07/Nov/2018:17:13:53 +0800] 0:0:0:0:0:0:0:1 "GET /favicon.ico HTTP/1.1" 200 - (5 ms)
[07/Nov/2018:17:13:54 +0800] 0:0:0:0:0:0:0:1 "GET /test2 HTTP/1.1" 200 - (7 ms)
[07/Nov/2018:17:13:54 +0800] 0:0:0:0:0:0:0:1 "GET /favicon.ico HTTP/1.1" 200 - (5 ms)
[07/Nov/2018:17:13:54 +0800] 0:0:0:0:0:0:0:1 "GET /test2 HTTP/1.1" 200 - (7 ms)
[07/Nov/2018:17:13:54 +0800] 0:0:0:0:0:0:0:1 "GET /favicon.ico HTTP/1.1" 200 - (5 ms)
[07/Nov/2018:17:13:54 +0800] 0:0:0:0:0:0:0:1 "GET /test2 HTTP/1.1" 200 - (7 ms)
[07/Nov/2018:17:13:54 +0800] 0:0:0:0:0:0:0:1 "GET /favicon.ico HTTP/1.1" 200 - (5 ms)
[07/Nov/2018:17:13:54 +0800] 0:0:0:0:0:0:0:1 "GET /test2 HTTP/1.1" 200 - (7 ms)
[07/Nov/2018:17:13:54 +0800] 0:0:0:0:0:0:0:1 "GET /favicon.ico HTTP/1.1" 200 - (10 ms)
[07/Nov/2018:17:13:54 +0800] 0:0:0:0:0:0:0:1 "GET /test2 HTTP/1.1" 200 - (11 ms)
[07/Nov/2018:17:13:54 +0800] 0:0:0:0:0:0:0:1 "GET /favicon.ico HTTP/1.1" 200 - (5 ms)
[07/Nov/2018:17:13:54 +0800] 0:0:0:0:0:0:0:1 "GET /test2 HTTP/1.1" 200 - (7 ms)
[07/Nov/2018:17:13:54 +0800] 0:0:0:0:0:0:0:1 "GET /favicon.ico HTTP/1.1" 200 - (4 ms)
[07/Nov/2018:17:13:55 +0800] 0:0:0:0:0:0:0:1 "GET /test2 HTTP/1.1" 200 - (8 ms)
[07/Nov/2018:17:13:55 +0800] 0:0:0:0:0:0:0:1 "GET /favicon.ico HTTP/1.1" 200 - (5 ms)
[07/Nov/2018:17:13:55 +0800] 0:0:0:0:0:0:0:1 "GET /test2 HTTP/1.1" 200 - (12 ms)
[07/Nov/2018:17:13:55 +0800] 0:0:0:0:0:0:0:1 "GET /favicon.ico HTTP/1.1" 200 - (6 ms)
[07/Nov/2018:17:13:55 +0800] 0:0:0:0:0:0:0:1 "GET /test2 HTTP/1.1" 200 - (8 ms)
[07/Nov/2018:17:13:55 +0800] 0:0:0:0:0:0:0:1 "GET /favicon.ico HTTP/1.1" 200 - (3 ms)
[07/Nov/2018:17:13:57 +0800] 0:0:0:0:0:0:0:1 "GET /test2 HTTP/1.1" 200 - (12 ms)
[07/Nov/2018:17:13:57 +0800] 0:0:0:0:0:0:0:1 "GET /favicon.ico HTTP/1.1" 200 - (5 ms)
[07/Nov/2018:17:13:57 +0800] 0:0:0:0:0:0:0:1 "GET /test2 HTTP/1.1" 200 - (9 ms)
[07/Nov/2018:17:13:57 +0800] 0:0:0:0:0:0:0:1 "GET /favicon.ico HTTP/1.1" 200 - (8 ms)
[07/Nov/2018:17:13:57 +0800] 0:0:0:0:0:0:0:1 "GET /test2 HTTP/1.1" 200 - (8 ms)
[07/Nov/2018:17:13:57 +0800] 0:0:0:0:0:0:0:1 "GET /favicon.ico HTTP/1.1" 200 - (8 ms)
[07/Nov/2018:17:13:58 +0800] 0:0:0:0:0:0:0:1 "GET /test2 HTTP/1.1" 200 - (7 ms)
[07/Nov/2018:17:13:58 +0800] 0:0:0:0:0:0:0:1 "GET /favicon.ico HTTP/1.1" 200 - (4 ms)
[07/Nov/2018:17:13:58 +0800] 0:0:0:0:0:0:0:1 "GET /test2 HTTP/1.1" 200 - (6 ms)
[07/Nov/2018:17:13:58 +0800] 0:0:0:0:0:0:0:1 "GET /favicon.ico HTTP/1.1" 200 - (3 ms)
[07/Nov/2018:17:13:58 +0800] 0:0:0:0:0:0:0:1 "GET /test2 HTTP/1.1" 200 - (7 ms)
[07/Nov/2018:17:13:58 +0800] 0:0:0:0:0:0:0:1 "GET /favicon.ico HTTP/1.1" 200 - (5 ms)
